<?xml version="1.0" encoding="UTF-8"?>
<testsuite xmlns:xsi="http://www.w3.org/2001/XMLSchema-instance" xsi:noNamespaceSchemaLocation="https://maven.apache.org/surefire/maven-surefire-plugin/xsd/surefire-test-report-3.0.xsd" version="3.0" name="com.amigoes.fullstack.customer.CustomerServicesTest" time="0.133" tests="13" errors="0" skipped="0" failures="0">
  <properties>
    <property name="java.specification.version" value="17"/>
    <property name="sun.jnu.encoding" value="UTF-8"/>
    <property name="java.class.path" value="/home/runner/work/testing-fullstack/testing-fullstack/backend/target/test-classes:/home/runner/work/testing-fullstack/testing-fullstack/backend/target/classes:/home/runner/.m2/repository/org/springframework/boot/spring-boot-starter-data-jdbc/3.1.2/spring-boot-starter-data-jdbc-3.1.2.jar:/home/runner/.m2/repository/org/springframework/boot/spring-boot-starter-jdbc/3.1.2/spring-boot-starter-jdbc-3.1.2.jar:/home/runner/.m2/repository/com/zaxxer/HikariCP/5.0.1/HikariCP-5.0.1.jar:/home/runner/.m2/repository/org/springframework/spring-jdbc/6.0.11/spring-jdbc-6.0.11.jar:/home/runner/.m2/repository/org/springframework/data/spring-data-jdbc/3.1.2/spring-data-jdbc-3.1.2.jar:/home/runner/.m2/repository/org/springframework/data/spring-data-relational/3.1.2/spring-data-relational-3.1.2.jar:/home/runner/.m2/repository/org/springframework/data/spring-data-commons/3.1.2/spring-data-commons-3.1.2.jar:/home/runner/.m2/repository/org/springframework/spring-tx/6.0.11/spring-tx-6.0.11.jar:/home/runner/.m2/repository/org/springframework/spring-context/6.0.11/spring-context-6.0.11.jar:/home/runner/.m2/repository/org/springframework/spring-beans/6.0.11/spring-beans-6.0.11.jar:/home/runner/.m2/repository/org/springframework/boot/spring-boot-starter-data-jpa/3.1.2/spring-boot-starter-data-jpa-3.1.2.jar:/home/runner/.m2/repository/org/springframework/boot/spring-boot-starter-aop/3.1.2/spring-boot-starter-aop-3.1.2.jar:/home/runner/.m2/repository/org/springframework/spring-aop/6.0.11/spring-aop-6.0.11.jar:/home/runner/.m2/repository/org/aspectj/aspectjweaver/1.9.19/aspectjweaver-1.9.19.jar:/home/runner/.m2/repository/org/hibernate/orm/hibernate-core/6.2.6.Final/hibernate-core-6.2.6.Final.jar:/home/runner/.m2/repository/jakarta/persistence/jakarta.persistence-api/3.1.0/jakarta.persistence-api-3.1.0.jar:/home/runner/.m2/repository/jakarta/transaction/jakarta.transaction-api/2.0.1/jakarta.transaction-api-2.0.1.jar:/home/runner/.m2/repository/org/jboss/logging/jboss-logging/3.5.3.Final/jboss-logging-3.5.3.Final.jar:/home/runner/.m2/repository/org/hibernate/common/hibernate-commons-annotations/6.0.6.Final/hibernate-commons-annotations-6.0.6.Final.jar:/home/runner/.m2/repository/io/smallrye/jandex/3.0.5/jandex-3.0.5.jar:/home/runner/.m2/repository/com/fasterxml/classmate/1.5.1/classmate-1.5.1.jar:/home/runner/.m2/repository/net/bytebuddy/byte-buddy/1.14.5/byte-buddy-1.14.5.jar:/home/runner/.m2/repository/org/glassfish/jaxb/jaxb-runtime/4.0.3/jaxb-runtime-4.0.3.jar:/home/runner/.m2/repository/org/glassfish/jaxb/jaxb-core/4.0.3/jaxb-core-4.0.3.jar:/home/runner/.m2/repository/org/eclipse/angus/angus-activation/2.0.1/angus-activation-2.0.1.jar:/home/runner/.m2/repository/org/glassfish/jaxb/txw2/4.0.3/txw2-4.0.3.jar:/home/runner/.m2/repository/com/sun/istack/istack-commons-runtime/4.1.2/istack-commons-runtime-4.1.2.jar:/home/runner/.m2/repository/jakarta/inject/jakarta.inject-api/2.0.1/jakarta.inject-api-2.0.1.jar:/home/runner/.m2/repository/org/antlr/antlr4-runtime/4.10.1/antlr4-runtime-4.10.1.jar:/home/runner/.m2/repository/org/springframework/data/spring-data-jpa/3.1.2/spring-data-jpa-3.1.2.jar:/home/runner/.m2/repository/org/springframework/spring-orm/6.0.11/spring-orm-6.0.11.jar:/home/runner/.m2/repository/jakarta/annotation/jakarta.annotation-api/2.1.1/jakarta.annotation-api-2.1.1.jar:/home/runner/.m2/repository/org/springframework/spring-aspects/6.0.11/spring-aspects-6.0.11.jar:/home/runner/.m2/repository/org/springframework/boot/spring-boot-starter-web/3.1.2/spring-boot-starter-web-3.1.2.jar:/home/runner/.m2/repository/org/springframework/boot/spring-boot-starter/3.1.2/spring-boot-starter-3.1.2.jar:/home/runner/.m2/repository/org/springframework/boot/spring-boot-starter-logging/3.1.2/spring-boot-starter-logging-3.1.2.jar:/home/runner/.m2/repository/ch/qos/logback/logback-classic/1.4.8/logback-classic-1.4.8.jar:/home/runner/.m2/repository/ch/qos/logback/logback-core/1.4.8/logback-core-1.4.8.jar:/home/runner/.m2/repository/org/apache/logging/log4j/log4j-to-slf4j/2.20.0/log4j-to-slf4j-2.20.0.jar:/home/runner/.m2/repository/org/apache/logging/log4j/log4j-api/2.20.0/log4j-api-2.20.0.jar:/home/runner/.m2/repository/org/slf4j/jul-to-slf4j/2.0.7/jul-to-slf4j-2.0.7.jar:/home/runner/.m2/repository/org/yaml/snakeyaml/1.33/snakeyaml-1.33.jar:/home/runner/.m2/repository/org/springframework/boot/spring-boot-starter-json/3.1.2/spring-boot-starter-json-3.1.2.jar:/home/runner/.m2/repository/com/fasterxml/jackson/datatype/jackson-datatype-jdk8/2.15.2/jackson-datatype-jdk8-2.15.2.jar:/home/runner/.m2/repository/com/fasterxml/jackson/datatype/jackson-datatype-jsr310/2.15.2/jackson-datatype-jsr310-2.15.2.jar:/home/runner/.m2/repository/org/springframework/boot/spring-boot-starter-tomcat/3.1.2/spring-boot-starter-tomcat-3.1.2.jar:/home/runner/.m2/repository/org/apache/tomcat/embed/tomcat-embed-core/10.1.11/tomcat-embed-core-10.1.11.jar:/home/runner/.m2/repository/org/apache/tomcat/embed/tomcat-embed-el/10.1.11/tomcat-embed-el-10.1.11.jar:/home/runner/.m2/repository/org/apache/tomcat/embed/tomcat-embed-websocket/10.1.11/tomcat-embed-websocket-10.1.11.jar:/home/runner/.m2/repository/org/springframework/spring-web/6.0.11/spring-web-6.0.11.jar:/home/runner/.m2/repository/io/micrometer/micrometer-observation/1.11.2/micrometer-observation-1.11.2.jar:/home/runner/.m2/repository/io/micrometer/micrometer-commons/1.11.2/micrometer-commons-1.11.2.jar:/home/runner/.m2/repository/org/springframework/spring-webmvc/6.0.11/spring-webmvc-6.0.11.jar:/home/runner/.m2/repository/org/springframework/spring-expression/6.0.11/spring-expression-6.0.11.jar:/home/runner/.m2/repository/org/postgresql/postgresql/42.6.0/postgresql-42.6.0.jar:/home/runner/.m2/repository/org/checkerframework/checker-qual/3.31.0/checker-qual-3.31.0.jar:/home/runner/.m2/repository/org/flywaydb/flyway-core/9.16.3/flyway-core-9.16.3.jar:/home/runner/.m2/repository/com/fasterxml/jackson/dataformat/jackson-dataformat-toml/2.15.2/jackson-dataformat-toml-2.15.2.jar:/home/runner/.m2/repository/com/fasterxml/jackson/core/jackson-core/2.15.2/jackson-core-2.15.2.jar:/home/runner/.m2/repository/org/apache/commons/commons-text/1.10.0/commons-text-1.10.0.jar:/home/runner/.m2/repository/org/springframework/boot/spring-boot-devtools/3.1.2/spring-boot-devtools-3.1.2.jar:/home/runner/.m2/repository/org/springframework/boot/spring-boot/3.1.2/spring-boot-3.1.2.jar:/home/runner/.m2/repository/org/springframework/boot/spring-boot-autoconfigure/3.1.2/spring-boot-autoconfigure-3.1.2.jar:/home/runner/.m2/repository/org/springframework/boot/spring-boot-starter-webflux/3.1.2/spring-boot-starter-webflux-3.1.2.jar:/home/runner/.m2/repository/org/springframework/boot/spring-boot-starter-reactor-netty/3.1.2/spring-boot-starter-reactor-netty-3.1.2.jar:/home/runner/.m2/repository/io/projectreactor/netty/reactor-netty-http/1.1.9/reactor-netty-http-1.1.9.jar:/home/runner/.m2/repository/io/netty/netty-codec-http/4.1.94.Final/netty-codec-http-4.1.94.Final.jar:/home/runner/.m2/repository/io/netty/netty-common/4.1.94.Final/netty-common-4.1.94.Final.jar:/home/runner/.m2/repository/io/netty/netty-buffer/4.1.94.Final/netty-buffer-4.1.94.Final.jar:/home/runner/.m2/repository/io/netty/netty-transport/4.1.94.Final/netty-transport-4.1.94.Final.jar:/home/runner/.m2/repository/io/netty/netty-codec/4.1.94.Final/netty-codec-4.1.94.Final.jar:/home/runner/.m2/repository/io/netty/netty-handler/4.1.94.Final/netty-handler-4.1.94.Final.jar:/home/runner/.m2/repository/io/netty/netty-codec-http2/4.1.94.Final/netty-codec-http2-4.1.94.Final.jar:/home/runner/.m2/repository/io/netty/netty-resolver-dns/4.1.94.Final/netty-resolver-dns-4.1.94.Final.jar:/home/runner/.m2/repository/io/netty/netty-resolver/4.1.94.Final/netty-resolver-4.1.94.Final.jar:/home/runner/.m2/repository/io/netty/netty-codec-dns/4.1.94.Final/netty-codec-dns-4.1.94.Final.jar:/home/runner/.m2/repository/io/netty/netty-resolver-dns-native-macos/4.1.94.Final/netty-resolver-dns-native-macos-4.1.94.Final-osx-x86_64.jar:/home/runner/.m2/repository/io/netty/netty-resolver-dns-classes-macos/4.1.94.Final/netty-resolver-dns-classes-macos-4.1.94.Final.jar:/home/runner/.m2/repository/io/netty/netty-transport-native-epoll/4.1.94.Final/netty-transport-native-epoll-4.1.94.Final-linux-x86_64.jar:/home/runner/.m2/repository/io/netty/netty-transport-native-unix-common/4.1.94.Final/netty-transport-native-unix-common-4.1.94.Final.jar:/home/runner/.m2/repository/io/netty/netty-transport-classes-epoll/4.1.94.Final/netty-transport-classes-epoll-4.1.94.Final.jar:/home/runner/.m2/repository/io/projectreactor/netty/reactor-netty-core/1.1.9/reactor-netty-core-1.1.9.jar:/home/runner/.m2/repository/io/netty/netty-handler-proxy/4.1.94.Final/netty-handler-proxy-4.1.94.Final.jar:/home/runner/.m2/repository/io/netty/netty-codec-socks/4.1.94.Final/netty-codec-socks-4.1.94.Final.jar:/home/runner/.m2/repository/org/springframework/spring-webflux/6.0.11/spring-webflux-6.0.11.jar:/home/runner/.m2/repository/io/projectreactor/reactor-core/3.5.8/reactor-core-3.5.8.jar:/home/runner/.m2/repository/org/reactivestreams/reactive-streams/1.0.4/reactive-streams-1.0.4.jar:/home/runner/.m2/repository/org/springframework/boot/spring-boot-starter-test/3.1.2/spring-boot-starter-test-3.1.2.jar:/home/runner/.m2/repository/org/springframework/boot/spring-boot-test/3.1.2/spring-boot-test-3.1.2.jar:/home/runner/.m2/repository/org/springframework/boot/spring-boot-test-autoconfigure/3.1.2/spring-boot-test-autoconfigure-3.1.2.jar:/home/runner/.m2/repository/com/jayway/jsonpath/json-path/2.8.0/json-path-2.8.0.jar:/home/runner/.m2/repository/jakarta/xml/bind/jakarta.xml.bind-api/4.0.0/jakarta.xml.bind-api-4.0.0.jar:/home/runner/.m2/repository/jakarta/activation/jakarta.activation-api/2.1.2/jakarta.activation-api-2.1.2.jar:/home/runner/.m2/repository/net/minidev/json-smart/2.4.11/json-smart-2.4.11.jar:/home/runner/.m2/repository/net/minidev/accessors-smart/2.4.11/accessors-smart-2.4.11.jar:/home/runner/.m2/repository/org/ow2/asm/asm/9.3/asm-9.3.jar:/home/runner/.m2/repository/org/assertj/assertj-core/3.24.2/assertj-core-3.24.2.jar:/home/runner/.m2/repository/org/hamcrest/hamcrest/2.2/hamcrest-2.2.jar:/home/runner/.m2/repository/org/junit/jupiter/junit-jupiter/5.9.3/junit-jupiter-5.9.3.jar:/home/runner/.m2/repository/org/junit/jupiter/junit-jupiter-params/5.9.3/junit-jupiter-params-5.9.3.jar:/home/runner/.m2/repository/org/junit/jupiter/junit-jupiter-engine/5.9.3/junit-jupiter-engine-5.9.3.jar:/home/runner/.m2/repository/org/junit/platform/junit-platform-engine/1.9.3/junit-platform-engine-1.9.3.jar:/home/runner/.m2/repository/org/mockito/mockito-core/5.3.1/mockito-core-5.3.1.jar:/home/runner/.m2/repository/net/bytebuddy/byte-buddy-agent/1.14.5/byte-buddy-agent-1.14.5.jar:/home/runner/.m2/repository/org/objenesis/objenesis/3.3/objenesis-3.3.jar:/home/runner/.m2/repository/org/mockito/mockito-junit-jupiter/5.3.1/mockito-junit-jupiter-5.3.1.jar:/home/runner/.m2/repository/org/skyscreamer/jsonassert/1.5.1/jsonassert-1.5.1.jar:/home/runner/.m2/repository/com/vaadin/external/google/android-json/0.0.20131108.vaadin1/android-json-0.0.20131108.vaadin1.jar:/home/runner/.m2/repository/org/springframework/spring-core/6.0.11/spring-core-6.0.11.jar:/home/runner/.m2/repository/org/springframework/spring-jcl/6.0.11/spring-jcl-6.0.11.jar:/home/runner/.m2/repository/org/springframework/spring-test/6.0.11/spring-test-6.0.11.jar:/home/runner/.m2/repository/org/xmlunit/xmlunit-core/2.9.1/xmlunit-core-2.9.1.jar:/home/runner/.m2/repository/org/springframework/boot/spring-boot-docker-compose/3.1.2/spring-boot-docker-compose-3.1.2.jar:/home/runner/.m2/repository/com/fasterxml/jackson/core/jackson-databind/2.15.2/jackson-databind-2.15.2.jar:/home/runner/.m2/repository/com/fasterxml/jackson/core/jackson-annotations/2.15.2/jackson-annotations-2.15.2.jar:/home/runner/.m2/repository/com/fasterxml/jackson/module/jackson-module-parameter-names/2.15.2/jackson-module-parameter-names-2.15.2.jar:/home/runner/.m2/repository/org/springframework/boot/spring-boot-testcontainers/3.1.2/spring-boot-testcontainers-3.1.2.jar:/home/runner/.m2/repository/com/github/javafaker/javafaker/1.0.2/javafaker-1.0.2.jar:/home/runner/.m2/repository/org/apache/commons/commons-lang3/3.12.0/commons-lang3-3.12.0.jar:/home/runner/.m2/repository/org/yaml/snakeyaml/1.23/snakeyaml-1.23-android.jar:/home/runner/.m2/repository/com/github/mifmif/generex/1.0.2/generex-1.0.2.jar:/home/runner/.m2/repository/dk/brics/automaton/automaton/1.11-8/automaton-1.11-8.jar:/home/runner/.m2/repository/org/testcontainers/junit-jupiter/1.17.6/junit-jupiter-1.17.6.jar:/home/runner/.m2/repository/org/junit/jupiter/junit-jupiter-api/5.9.3/junit-jupiter-api-5.9.3.jar:/home/runner/.m2/repository/org/opentest4j/opentest4j/1.2.0/opentest4j-1.2.0.jar:/home/runner/.m2/repository/org/junit/platform/junit-platform-commons/1.9.3/junit-platform-commons-1.9.3.jar:/home/runner/.m2/repository/org/apiguardian/apiguardian-api/1.1.2/apiguardian-api-1.1.2.jar:/home/runner/.m2/repository/org/testcontainers/testcontainers/1.17.6/testcontainers-1.17.6.jar:/home/runner/.m2/repository/junit/junit/4.13.2/junit-4.13.2.jar:/home/runner/.m2/repository/org/hamcrest/hamcrest-core/2.2/hamcrest-core-2.2.jar:/home/runner/.m2/repository/org/slf4j/slf4j-api/2.0.7/slf4j-api-2.0.7.jar:/home/runner/.m2/repository/org/apache/commons/commons-compress/1.22/commons-compress-1.22.jar:/home/runner/.m2/repository/org/rnorth/duct-tape/duct-tape/1.0.8/duct-tape-1.0.8.jar:/home/runner/.m2/repository/org/jetbrains/annotations/17.0.0/annotations-17.0.0.jar:/home/runner/.m2/repository/com/github/docker-java/docker-java-api/3.2.13/docker-java-api-3.2.13.jar:/home/runner/.m2/repository/com/github/docker-java/docker-java-transport-zerodep/3.2.13/docker-java-transport-zerodep-3.2.13.jar:/home/runner/.m2/repository/com/github/docker-java/docker-java-transport/3.2.13/docker-java-transport-3.2.13.jar:/home/runner/.m2/repository/net/java/dev/jna/jna/5.8.0/jna-5.8.0.jar:/home/runner/.m2/repository/org/testcontainers/postgresql/1.18.3/postgresql-1.18.3.jar:/home/runner/.m2/repository/org/testcontainers/jdbc/1.18.3/jdbc-1.18.3.jar:/home/runner/.m2/repository/org/testcontainers/database-commons/1.18.3/database-commons-1.18.3.jar:"/>
    <property name="java.vm.vendor" value="Eclipse Adoptium"/>
    <property name="sun.arch.data.model" value="64"/>
    <property name="java.vendor.url" value="https://adoptium.net/"/>
    <property name="user.timezone" value="Etc/UTC"/>
    <property name="org.jboss.logging.provider" value="slf4j"/>
    <property name="os.name" value="Linux"/>
    <property name="java.vm.specification.version" value="17"/>
    <property name="sun.java.launcher" value="SUN_STANDARD"/>
    <property name="sun.boot.library.path" value="/usr/lib/jvm/temurin-17-jdk-amd64/lib"/>
    <property name="sun.java.command" value="/home/runner/work/testing-fullstack/testing-fullstack/backend/target/surefire/surefirebooter-20231003162722645_3.jar /home/runner/work/testing-fullstack/testing-fullstack/backend/target/surefire 2023-10-03T16-27-22_489-jvmRun1 surefire-20231003162722645_1tmp surefire_0-20231003162722645_2tmp"/>
    <property name="jdk.debug" value="release"/>
    <property name="surefire.test.class.path" value="/home/runner/work/testing-fullstack/testing-fullstack/backend/target/test-classes:/home/runner/work/testing-fullstack/testing-fullstack/backend/target/classes:/home/runner/.m2/repository/org/springframework/boot/spring-boot-starter-data-jdbc/3.1.2/spring-boot-starter-data-jdbc-3.1.2.jar:/home/runner/.m2/repository/org/springframework/boot/spring-boot-starter-jdbc/3.1.2/spring-boot-starter-jdbc-3.1.2.jar:/home/runner/.m2/repository/com/zaxxer/HikariCP/5.0.1/HikariCP-5.0.1.jar:/home/runner/.m2/repository/org/springframework/spring-jdbc/6.0.11/spring-jdbc-6.0.11.jar:/home/runner/.m2/repository/org/springframework/data/spring-data-jdbc/3.1.2/spring-data-jdbc-3.1.2.jar:/home/runner/.m2/repository/org/springframework/data/spring-data-relational/3.1.2/spring-data-relational-3.1.2.jar:/home/runner/.m2/repository/org/springframework/data/spring-data-commons/3.1.2/spring-data-commons-3.1.2.jar:/home/runner/.m2/repository/org/springframework/spring-tx/6.0.11/spring-tx-6.0.11.jar:/home/runner/.m2/repository/org/springframework/spring-context/6.0.11/spring-context-6.0.11.jar:/home/runner/.m2/repository/org/springframework/spring-beans/6.0.11/spring-beans-6.0.11.jar:/home/runner/.m2/repository/org/springframework/boot/spring-boot-starter-data-jpa/3.1.2/spring-boot-starter-data-jpa-3.1.2.jar:/home/runner/.m2/repository/org/springframework/boot/spring-boot-starter-aop/3.1.2/spring-boot-starter-aop-3.1.2.jar:/home/runner/.m2/repository/org/springframework/spring-aop/6.0.11/spring-aop-6.0.11.jar:/home/runner/.m2/repository/org/aspectj/aspectjweaver/1.9.19/aspectjweaver-1.9.19.jar:/home/runner/.m2/repository/org/hibernate/orm/hibernate-core/6.2.6.Final/hibernate-core-6.2.6.Final.jar:/home/runner/.m2/repository/jakarta/persistence/jakarta.persistence-api/3.1.0/jakarta.persistence-api-3.1.0.jar:/home/runner/.m2/repository/jakarta/transaction/jakarta.transaction-api/2.0.1/jakarta.transaction-api-2.0.1.jar:/home/runner/.m2/repository/org/jboss/logging/jboss-logging/3.5.3.Final/jboss-logging-3.5.3.Final.jar:/home/runner/.m2/repository/org/hibernate/common/hibernate-commons-annotations/6.0.6.Final/hibernate-commons-annotations-6.0.6.Final.jar:/home/runner/.m2/repository/io/smallrye/jandex/3.0.5/jandex-3.0.5.jar:/home/runner/.m2/repository/com/fasterxml/classmate/1.5.1/classmate-1.5.1.jar:/home/runner/.m2/repository/net/bytebuddy/byte-buddy/1.14.5/byte-buddy-1.14.5.jar:/home/runner/.m2/repository/org/glassfish/jaxb/jaxb-runtime/4.0.3/jaxb-runtime-4.0.3.jar:/home/runner/.m2/repository/org/glassfish/jaxb/jaxb-core/4.0.3/jaxb-core-4.0.3.jar:/home/runner/.m2/repository/org/eclipse/angus/angus-activation/2.0.1/angus-activation-2.0.1.jar:/home/runner/.m2/repository/org/glassfish/jaxb/txw2/4.0.3/txw2-4.0.3.jar:/home/runner/.m2/repository/com/sun/istack/istack-commons-runtime/4.1.2/istack-commons-runtime-4.1.2.jar:/home/runner/.m2/repository/jakarta/inject/jakarta.inject-api/2.0.1/jakarta.inject-api-2.0.1.jar:/home/runner/.m2/repository/org/antlr/antlr4-runtime/4.10.1/antlr4-runtime-4.10.1.jar:/home/runner/.m2/repository/org/springframework/data/spring-data-jpa/3.1.2/spring-data-jpa-3.1.2.jar:/home/runner/.m2/repository/org/springframework/spring-orm/6.0.11/spring-orm-6.0.11.jar:/home/runner/.m2/repository/jakarta/annotation/jakarta.annotation-api/2.1.1/jakarta.annotation-api-2.1.1.jar:/home/runner/.m2/repository/org/springframework/spring-aspects/6.0.11/spring-aspects-6.0.11.jar:/home/runner/.m2/repository/org/springframework/boot/spring-boot-starter-web/3.1.2/spring-boot-starter-web-3.1.2.jar:/home/runner/.m2/repository/org/springframework/boot/spring-boot-starter/3.1.2/spring-boot-starter-3.1.2.jar:/home/runner/.m2/repository/org/springframework/boot/spring-boot-starter-logging/3.1.2/spring-boot-starter-logging-3.1.2.jar:/home/runner/.m2/repository/ch/qos/logback/logback-classic/1.4.8/logback-classic-1.4.8.jar:/home/runner/.m2/repository/ch/qos/logback/logback-core/1.4.8/logback-core-1.4.8.jar:/home/runner/.m2/repository/org/apache/logging/log4j/log4j-to-slf4j/2.20.0/log4j-to-slf4j-2.20.0.jar:/home/runner/.m2/repository/org/apache/logging/log4j/log4j-api/2.20.0/log4j-api-2.20.0.jar:/home/runner/.m2/repository/org/slf4j/jul-to-slf4j/2.0.7/jul-to-slf4j-2.0.7.jar:/home/runner/.m2/repository/org/yaml/snakeyaml/1.33/snakeyaml-1.33.jar:/home/runner/.m2/repository/org/springframework/boot/spring-boot-starter-json/3.1.2/spring-boot-starter-json-3.1.2.jar:/home/runner/.m2/repository/com/fasterxml/jackson/datatype/jackson-datatype-jdk8/2.15.2/jackson-datatype-jdk8-2.15.2.jar:/home/runner/.m2/repository/com/fasterxml/jackson/datatype/jackson-datatype-jsr310/2.15.2/jackson-datatype-jsr310-2.15.2.jar:/home/runner/.m2/repository/org/springframework/boot/spring-boot-starter-tomcat/3.1.2/spring-boot-starter-tomcat-3.1.2.jar:/home/runner/.m2/repository/org/apache/tomcat/embed/tomcat-embed-core/10.1.11/tomcat-embed-core-10.1.11.jar:/home/runner/.m2/repository/org/apache/tomcat/embed/tomcat-embed-el/10.1.11/tomcat-embed-el-10.1.11.jar:/home/runner/.m2/repository/org/apache/tomcat/embed/tomcat-embed-websocket/10.1.11/tomcat-embed-websocket-10.1.11.jar:/home/runner/.m2/repository/org/springframework/spring-web/6.0.11/spring-web-6.0.11.jar:/home/runner/.m2/repository/io/micrometer/micrometer-observation/1.11.2/micrometer-observation-1.11.2.jar:/home/runner/.m2/repository/io/micrometer/micrometer-commons/1.11.2/micrometer-commons-1.11.2.jar:/home/runner/.m2/repository/org/springframework/spring-webmvc/6.0.11/spring-webmvc-6.0.11.jar:/home/runner/.m2/repository/org/springframework/spring-expression/6.0.11/spring-expression-6.0.11.jar:/home/runner/.m2/repository/org/postgresql/postgresql/42.6.0/postgresql-42.6.0.jar:/home/runner/.m2/repository/org/checkerframework/checker-qual/3.31.0/checker-qual-3.31.0.jar:/home/runner/.m2/repository/org/flywaydb/flyway-core/9.16.3/flyway-core-9.16.3.jar:/home/runner/.m2/repository/com/fasterxml/jackson/dataformat/jackson-dataformat-toml/2.15.2/jackson-dataformat-toml-2.15.2.jar:/home/runner/.m2/repository/com/fasterxml/jackson/core/jackson-core/2.15.2/jackson-core-2.15.2.jar:/home/runner/.m2/repository/org/apache/commons/commons-text/1.10.0/commons-text-1.10.0.jar:/home/runner/.m2/repository/org/springframework/boot/spring-boot-devtools/3.1.2/spring-boot-devtools-3.1.2.jar:/home/runner/.m2/repository/org/springframework/boot/spring-boot/3.1.2/spring-boot-3.1.2.jar:/home/runner/.m2/repository/org/springframework/boot/spring-boot-autoconfigure/3.1.2/spring-boot-autoconfigure-3.1.2.jar:/home/runner/.m2/repository/org/springframework/boot/spring-boot-starter-webflux/3.1.2/spring-boot-starter-webflux-3.1.2.jar:/home/runner/.m2/repository/org/springframework/boot/spring-boot-starter-reactor-netty/3.1.2/spring-boot-starter-reactor-netty-3.1.2.jar:/home/runner/.m2/repository/io/projectreactor/netty/reactor-netty-http/1.1.9/reactor-netty-http-1.1.9.jar:/home/runner/.m2/repository/io/netty/netty-codec-http/4.1.94.Final/netty-codec-http-4.1.94.Final.jar:/home/runner/.m2/repository/io/netty/netty-common/4.1.94.Final/netty-common-4.1.94.Final.jar:/home/runner/.m2/repository/io/netty/netty-buffer/4.1.94.Final/netty-buffer-4.1.94.Final.jar:/home/runner/.m2/repository/io/netty/netty-transport/4.1.94.Final/netty-transport-4.1.94.Final.jar:/home/runner/.m2/repository/io/netty/netty-codec/4.1.94.Final/netty-codec-4.1.94.Final.jar:/home/runner/.m2/repository/io/netty/netty-handler/4.1.94.Final/netty-handler-4.1.94.Final.jar:/home/runner/.m2/repository/io/netty/netty-codec-http2/4.1.94.Final/netty-codec-http2-4.1.94.Final.jar:/home/runner/.m2/repository/io/netty/netty-resolver-dns/4.1.94.Final/netty-resolver-dns-4.1.94.Final.jar:/home/runner/.m2/repository/io/netty/netty-resolver/4.1.94.Final/netty-resolver-4.1.94.Final.jar:/home/runner/.m2/repository/io/netty/netty-codec-dns/4.1.94.Final/netty-codec-dns-4.1.94.Final.jar:/home/runner/.m2/repository/io/netty/netty-resolver-dns-native-macos/4.1.94.Final/netty-resolver-dns-native-macos-4.1.94.Final-osx-x86_64.jar:/home/runner/.m2/repository/io/netty/netty-resolver-dns-classes-macos/4.1.94.Final/netty-resolver-dns-classes-macos-4.1.94.Final.jar:/home/runner/.m2/repository/io/netty/netty-transport-native-epoll/4.1.94.Final/netty-transport-native-epoll-4.1.94.Final-linux-x86_64.jar:/home/runner/.m2/repository/io/netty/netty-transport-native-unix-common/4.1.94.Final/netty-transport-native-unix-common-4.1.94.Final.jar:/home/runner/.m2/repository/io/netty/netty-transport-classes-epoll/4.1.94.Final/netty-transport-classes-epoll-4.1.94.Final.jar:/home/runner/.m2/repository/io/projectreactor/netty/reactor-netty-core/1.1.9/reactor-netty-core-1.1.9.jar:/home/runner/.m2/repository/io/netty/netty-handler-proxy/4.1.94.Final/netty-handler-proxy-4.1.94.Final.jar:/home/runner/.m2/repository/io/netty/netty-codec-socks/4.1.94.Final/netty-codec-socks-4.1.94.Final.jar:/home/runner/.m2/repository/org/springframework/spring-webflux/6.0.11/spring-webflux-6.0.11.jar:/home/runner/.m2/repository/io/projectreactor/reactor-core/3.5.8/reactor-core-3.5.8.jar:/home/runner/.m2/repository/org/reactivestreams/reactive-streams/1.0.4/reactive-streams-1.0.4.jar:/home/runner/.m2/repository/org/springframework/boot/spring-boot-starter-test/3.1.2/spring-boot-starter-test-3.1.2.jar:/home/runner/.m2/repository/org/springframework/boot/spring-boot-test/3.1.2/spring-boot-test-3.1.2.jar:/home/runner/.m2/repository/org/springframework/boot/spring-boot-test-autoconfigure/3.1.2/spring-boot-test-autoconfigure-3.1.2.jar:/home/runner/.m2/repository/com/jayway/jsonpath/json-path/2.8.0/json-path-2.8.0.jar:/home/runner/.m2/repository/jakarta/xml/bind/jakarta.xml.bind-api/4.0.0/jakarta.xml.bind-api-4.0.0.jar:/home/runner/.m2/repository/jakarta/activation/jakarta.activation-api/2.1.2/jakarta.activation-api-2.1.2.jar:/home/runner/.m2/repository/net/minidev/json-smart/2.4.11/json-smart-2.4.11.jar:/home/runner/.m2/repository/net/minidev/accessors-smart/2.4.11/accessors-smart-2.4.11.jar:/home/runner/.m2/repository/org/ow2/asm/asm/9.3/asm-9.3.jar:/home/runner/.m2/repository/org/assertj/assertj-core/3.24.2/assertj-core-3.24.2.jar:/home/runner/.m2/repository/org/hamcrest/hamcrest/2.2/hamcrest-2.2.jar:/home/runner/.m2/repository/org/junit/jupiter/junit-jupiter/5.9.3/junit-jupiter-5.9.3.jar:/home/runner/.m2/repository/org/junit/jupiter/junit-jupiter-params/5.9.3/junit-jupiter-params-5.9.3.jar:/home/runner/.m2/repository/org/junit/jupiter/junit-jupiter-engine/5.9.3/junit-jupiter-engine-5.9.3.jar:/home/runner/.m2/repository/org/junit/platform/junit-platform-engine/1.9.3/junit-platform-engine-1.9.3.jar:/home/runner/.m2/repository/org/mockito/mockito-core/5.3.1/mockito-core-5.3.1.jar:/home/runner/.m2/repository/net/bytebuddy/byte-buddy-agent/1.14.5/byte-buddy-agent-1.14.5.jar:/home/runner/.m2/repository/org/objenesis/objenesis/3.3/objenesis-3.3.jar:/home/runner/.m2/repository/org/mockito/mockito-junit-jupiter/5.3.1/mockito-junit-jupiter-5.3.1.jar:/home/runner/.m2/repository/org/skyscreamer/jsonassert/1.5.1/jsonassert-1.5.1.jar:/home/runner/.m2/repository/com/vaadin/external/google/android-json/0.0.20131108.vaadin1/android-json-0.0.20131108.vaadin1.jar:/home/runner/.m2/repository/org/springframework/spring-core/6.0.11/spring-core-6.0.11.jar:/home/runner/.m2/repository/org/springframework/spring-jcl/6.0.11/spring-jcl-6.0.11.jar:/home/runner/.m2/repository/org/springframework/spring-test/6.0.11/spring-test-6.0.11.jar:/home/runner/.m2/repository/org/xmlunit/xmlunit-core/2.9.1/xmlunit-core-2.9.1.jar:/home/runner/.m2/repository/org/springframework/boot/spring-boot-docker-compose/3.1.2/spring-boot-docker-compose-3.1.2.jar:/home/runner/.m2/repository/com/fasterxml/jackson/core/jackson-databind/2.15.2/jackson-databind-2.15.2.jar:/home/runner/.m2/repository/com/fasterxml/jackson/core/jackson-annotations/2.15.2/jackson-annotations-2.15.2.jar:/home/runner/.m2/repository/com/fasterxml/jackson/module/jackson-module-parameter-names/2.15.2/jackson-module-parameter-names-2.15.2.jar:/home/runner/.m2/repository/org/springframework/boot/spring-boot-testcontainers/3.1.2/spring-boot-testcontainers-3.1.2.jar:/home/runner/.m2/repository/com/github/javafaker/javafaker/1.0.2/javafaker-1.0.2.jar:/home/runner/.m2/repository/org/apache/commons/commons-lang3/3.12.0/commons-lang3-3.12.0.jar:/home/runner/.m2/repository/org/yaml/snakeyaml/1.23/snakeyaml-1.23-android.jar:/home/runner/.m2/repository/com/github/mifmif/generex/1.0.2/generex-1.0.2.jar:/home/runner/.m2/repository/dk/brics/automaton/automaton/1.11-8/automaton-1.11-8.jar:/home/runner/.m2/repository/org/testcontainers/junit-jupiter/1.17.6/junit-jupiter-1.17.6.jar:/home/runner/.m2/repository/org/junit/jupiter/junit-jupiter-api/5.9.3/junit-jupiter-api-5.9.3.jar:/home/runner/.m2/repository/org/opentest4j/opentest4j/1.2.0/opentest4j-1.2.0.jar:/home/runner/.m2/repository/org/junit/platform/junit-platform-commons/1.9.3/junit-platform-commons-1.9.3.jar:/home/runner/.m2/repository/org/apiguardian/apiguardian-api/1.1.2/apiguardian-api-1.1.2.jar:/home/runner/.m2/repository/org/testcontainers/testcontainers/1.17.6/testcontainers-1.17.6.jar:/home/runner/.m2/repository/junit/junit/4.13.2/junit-4.13.2.jar:/home/runner/.m2/repository/org/hamcrest/hamcrest-core/2.2/hamcrest-core-2.2.jar:/home/runner/.m2/repository/org/slf4j/slf4j-api/2.0.7/slf4j-api-2.0.7.jar:/home/runner/.m2/repository/org/apache/commons/commons-compress/1.22/commons-compress-1.22.jar:/home/runner/.m2/repository/org/rnorth/duct-tape/duct-tape/1.0.8/duct-tape-1.0.8.jar:/home/runner/.m2/repository/org/jetbrains/annotations/17.0.0/annotations-17.0.0.jar:/home/runner/.m2/repository/com/github/docker-java/docker-java-api/3.2.13/docker-java-api-3.2.13.jar:/home/runner/.m2/repository/com/github/docker-java/docker-java-transport-zerodep/3.2.13/docker-java-transport-zerodep-3.2.13.jar:/home/runner/.m2/repository/com/github/docker-java/docker-java-transport/3.2.13/docker-java-transport-3.2.13.jar:/home/runner/.m2/repository/net/java/dev/jna/jna/5.8.0/jna-5.8.0.jar:/home/runner/.m2/repository/org/testcontainers/postgresql/1.18.3/postgresql-1.18.3.jar:/home/runner/.m2/repository/org/testcontainers/jdbc/1.18.3/jdbc-1.18.3.jar:/home/runner/.m2/repository/org/testcontainers/database-commons/1.18.3/database-commons-1.18.3.jar:"/>
    <property name="sun.cpu.endian" value="little"/>
    <property name="user.home" value="/home/runner"/>
    <property name="user.language" value="en"/>
    <property name="java.specification.vendor" value="Oracle Corporation"/>
    <property name="java.version.date" value="2023-08-24"/>
    <property name="java.home" value="/usr/lib/jvm/temurin-17-jdk-amd64"/>
    <property name="file.separator" value="/"/>
    <property name="basedir" value="/home/runner/work/testing-fullstack/testing-fullstack/backend"/>
    <property name="java.vm.compressedOopsMode" value="32-bit"/>
    <property name="line.separator" value="&#10;"/>
    <property name="java.specification.name" value="Java Platform API Specification"/>
    <property name="java.vm.specification.vendor" value="Oracle Corporation"/>
    <property name="FILE_LOG_CHARSET" value="UTF-8"/>
    <property name="java.awt.headless" value="true"/>
    <property name="surefire.real.class.path" value="/home/runner/work/testing-fullstack/testing-fullstack/backend/target/surefire/surefirebooter-20231003162722645_3.jar"/>
    <property name="sun.management.compiler" value="HotSpot 64-Bit Tiered Compilers"/>
    <property name="java.runtime.version" value="17.0.8.1+1"/>
    <property name="user.name" value="runner"/>
    <property name="path.separator" value=":"/>
    <property name="os.version" value="6.2.0-1012-azure"/>
    <property name="java.runtime.name" value="OpenJDK Runtime Environment"/>
    <property name="file.encoding" value="UTF-8"/>
    <property name="jnidispatch.path" value="/home/runner/.cache/JNA/temp/jna7918047532253892925.tmp"/>
    <property name="java.vm.name" value="OpenJDK 64-Bit Server VM"/>
    <property name="jna.platform.library.path" value="/usr/lib/x86_64-linux-gnu:/lib/x86_64-linux-gnu:/usr/lib64:/lib64:/usr/lib:/lib:/lib32:/usr/local/lib:/usr/lib/x86_64-linux-gnu/libfakeroot"/>
    <property name="java.vendor.version" value="Temurin-17.0.8.1+1"/>
    <property name="localRepository" value="/home/runner/.m2/repository"/>
    <property name="jna.loaded" value="true"/>
    <property name="java.vendor.url.bug" value="https://github.com/adoptium/adoptium-support/issues"/>
    <property name="java.io.tmpdir" value="/tmp"/>
    <property name="docker.image.tag" value="03.10.2023.16.27.12"/>
    <property name="com.zaxxer.hikari.pool_number" value="1"/>
    <property name="java.version" value="17.0.8.1"/>
    <property name="user.dir" value="/home/runner/work/testing-fullstack/testing-fullstack/backend"/>
    <property name="os.arch" value="amd64"/>
    <property name="java.vm.specification.name" value="Java Virtual Machine Specification"/>
    <property name="PID" value="2335"/>
    <property name="CONSOLE_LOG_CHARSET" value="UTF-8"/>
    <property name="native.encoding" value="UTF-8"/>
    <property name="java.library.path" value="/usr/java/packages/lib:/usr/lib64:/lib64:/lib:/usr/lib"/>
    <property name="java.vm.info" value="mixed mode, sharing"/>
    <property name="java.vendor" value="Eclipse Adoptium"/>
    <property name="java.vm.version" value="17.0.8.1+1"/>
    <property name="sun.io.unicode.encoding" value="UnicodeLittle"/>
    <property name="java.class.version" value="61.0"/>
  </properties>
  <testcase name="willThrowExceptionWhenGetCustomerByEmailReturnsEmptyOptional" classname="com.amigoes.fullstack.customer.CustomerServicesTest" time="0.087"/>
  <testcase name="getCustomerList" classname="com.amigoes.fullstack.customer.CustomerServicesTest" time="0.003"/>
  <testcase name="deleteCustomer" classname="com.amigoes.fullstack.customer.CustomerServicesTest" time="0.004"/>
  <testcase name="willThrowExceptionWhenCustomerNotFound" classname="com.amigoes.fullstack.customer.CustomerServicesTest" time="0.002"/>
  <testcase name="willThrowWhenTryingToUpdateCustomerEmailWhenAlreadyTaken" classname="com.amigoes.fullstack.customer.CustomerServicesTest" time="0.003"/>
  <testcase name="updateCustomerWithAllProperties" classname="com.amigoes.fullstack.customer.CustomerServicesTest" time="0.007"/>
  <testcase name="willThrowWhenUpdateHasNoChanges" classname="com.amigoes.fullstack.customer.CustomerServicesTest" time="0.002"/>
  <testcase name="registerCustomer" classname="com.amigoes.fullstack.customer.CustomerServicesTest" time="0.004"/>
  <testcase name="canUpdateOnlyCustomerEmail" classname="com.amigoes.fullstack.customer.CustomerServicesTest" time="0.005"/>
  <testcase name="canUpdateOnlyCustomerAge" classname="com.amigoes.fullstack.customer.CustomerServicesTest" time="0.001"/>
  <testcase name="getCustomerByEmail" classname="com.amigoes.fullstack.customer.CustomerServicesTest" time="0.001"/>
  <testcase name="canUpdateOnlyCustomerName" classname="com.amigoes.fullstack.customer.CustomerServicesTest" time="0.004"/>
  <testcase name="willThrowWhenEmailExistsWhileRegisteringCustomer" classname="com.amigoes.fullstack.customer.CustomerServicesTest" time="0.002"/>
</testsuite>