<?xml version="1.0" encoding="UTF-8"?>
<testsuite xmlns:xsi="http://www.w3.org/2001/XMLSchema-instance" xsi:noNamespaceSchemaLocation="https://maven.apache.org/surefire/maven-surefire-plugin/xsd/surefire-test-report-3.0.xsd" version="3.0" name="com.amigoes.fullstack.customer.CustomerRepositoryTest" time="20.955" tests="3" errors="0" skipped="0" failures="0">
  <properties>
    <property name="java.specification.version" value="17"/>
    <property name="sun.jnu.encoding" value="UTF-8"/>
    <property name="java.class.path" value="/home/runner/work/testing-fullstack/testing-fullstack/backend/target/test-classes:/home/runner/work/testing-fullstack/testing-fullstack/backend/target/classes:/home/runner/.m2/repository/org/springframework/boot/spring-boot-starter-data-jdbc/3.1.2/spring-boot-starter-data-jdbc-3.1.2.jar:/home/runner/.m2/repository/org/springframework/boot/spring-boot-starter-jdbc/3.1.2/spring-boot-starter-jdbc-3.1.2.jar:/home/runner/.m2/repository/com/zaxxer/HikariCP/5.0.1/HikariCP-5.0.1.jar:/home/runner/.m2/repository/org/springframework/spring-jdbc/6.0.11/spring-jdbc-6.0.11.jar:/home/runner/.m2/repository/org/springframework/data/spring-data-jdbc/3.1.2/spring-data-jdbc-3.1.2.jar:/home/runner/.m2/repository/org/springframework/data/spring-data-relational/3.1.2/spring-data-relational-3.1.2.jar:/home/runner/.m2/repository/org/springframework/data/spring-data-commons/3.1.2/spring-data-commons-3.1.2.jar:/home/runner/.m2/repository/org/springframework/spring-tx/6.0.11/spring-tx-6.0.11.jar:/home/runner/.m2/repository/org/springframework/spring-context/6.0.11/spring-context-6.0.11.jar:/home/runner/.m2/repository/org/springframework/spring-beans/6.0.11/spring-beans-6.0.11.jar:/home/runner/.m2/repository/org/springframework/boot/spring-boot-starter-data-jpa/3.1.2/spring-boot-starter-data-jpa-3.1.2.jar:/home/runner/.m2/repository/org/springframework/boot/spring-boot-starter-aop/3.1.2/spring-boot-starter-aop-3.1.2.jar:/home/runner/.m2/repository/org/springframework/spring-aop/6.0.11/spring-aop-6.0.11.jar:/home/runner/.m2/repository/org/aspectj/aspectjweaver/1.9.19/aspectjweaver-1.9.19.jar:/home/runner/.m2/repository/org/hibernate/orm/hibernate-core/6.2.6.Final/hibernate-core-6.2.6.Final.jar:/home/runner/.m2/repository/jakarta/persistence/jakarta.persistence-api/3.1.0/jakarta.persistence-api-3.1.0.jar:/home/runner/.m2/repository/jakarta/transaction/jakarta.transaction-api/2.0.1/jakarta.transaction-api-2.0.1.jar:/home/runner/.m2/repository/org/jboss/logging/jboss-logging/3.5.3.Final/jboss-logging-3.5.3.Final.jar:/home/runner/.m2/repository/org/hibernate/common/hibernate-commons-annotations/6.0.6.Final/hibernate-commons-annotations-6.0.6.Final.jar:/home/runner/.m2/repository/io/smallrye/jandex/3.0.5/jandex-3.0.5.jar:/home/runner/.m2/repository/com/fasterxml/classmate/1.5.1/classmate-1.5.1.jar:/home/runner/.m2/repository/net/bytebuddy/byte-buddy/1.14.5/byte-buddy-1.14.5.jar:/home/runner/.m2/repository/org/glassfish/jaxb/jaxb-runtime/4.0.3/jaxb-runtime-4.0.3.jar:/home/runner/.m2/repository/org/glassfish/jaxb/jaxb-core/4.0.3/jaxb-core-4.0.3.jar:/home/runner/.m2/repository/org/eclipse/angus/angus-activation/2.0.1/angus-activation-2.0.1.jar:/home/runner/.m2/repository/org/glassfish/jaxb/txw2/4.0.3/txw2-4.0.3.jar:/home/runner/.m2/repository/com/sun/istack/istack-commons-runtime/4.1.2/istack-commons-runtime-4.1.2.jar:/home/runner/.m2/repository/jakarta/inject/jakarta.inject-api/2.0.1/jakarta.inject-api-2.0.1.jar:/home/runner/.m2/repository/org/antlr/antlr4-runtime/4.10.1/antlr4-runtime-4.10.1.jar:/home/runner/.m2/repository/org/springframework/data/spring-data-jpa/3.1.2/spring-data-jpa-3.1.2.jar:/home/runner/.m2/repository/org/springframework/spring-orm/6.0.11/spring-orm-6.0.11.jar:/home/runner/.m2/repository/jakarta/annotation/jakarta.annotation-api/2.1.1/jakarta.annotation-api-2.1.1.jar:/home/runner/.m2/repository/org/springframework/spring-aspects/6.0.11/spring-aspects-6.0.11.jar:/home/runner/.m2/repository/org/springframework/boot/spring-boot-starter-web/3.1.2/spring-boot-starter-web-3.1.2.jar:/home/runner/.m2/repository/org/springframework/boot/spring-boot-starter/3.1.2/spring-boot-starter-3.1.2.jar:/home/runner/.m2/repository/org/springframework/boot/spring-boot-starter-logging/3.1.2/spring-boot-starter-logging-3.1.2.jar:/home/runner/.m2/repository/ch/qos/logback/logback-classic/1.4.8/logback-classic-1.4.8.jar:/home/runner/.m2/repository/ch/qos/logback/logback-core/1.4.8/logback-core-1.4.8.jar:/home/runner/.m2/repository/org/apache/logging/log4j/log4j-to-slf4j/2.20.0/log4j-to-slf4j-2.20.0.jar:/home/runner/.m2/repository/org/apache/logging/log4j/log4j-api/2.20.0/log4j-api-2.20.0.jar:/home/runner/.m2/repository/org/slf4j/jul-to-slf4j/2.0.7/jul-to-slf4j-2.0.7.jar:/home/runner/.m2/repository/org/yaml/snakeyaml/1.33/snakeyaml-1.33.jar:/home/runner/.m2/repository/org/springframework/boot/spring-boot-starter-json/3.1.2/spring-boot-starter-json-3.1.2.jar:/home/runner/.m2/repository/com/fasterxml/jackson/datatype/jackson-datatype-jdk8/2.15.2/jackson-datatype-jdk8-2.15.2.jar:/home/runner/.m2/repository/com/fasterxml/jackson/datatype/jackson-datatype-jsr310/2.15.2/jackson-datatype-jsr310-2.15.2.jar:/home/runner/.m2/repository/org/springframework/boot/spring-boot-starter-tomcat/3.1.2/spring-boot-starter-tomcat-3.1.2.jar:/home/runner/.m2/repository/org/apache/tomcat/embed/tomcat-embed-core/10.1.11/tomcat-embed-core-10.1.11.jar:/home/runner/.m2/repository/org/apache/tomcat/embed/tomcat-embed-el/10.1.11/tomcat-embed-el-10.1.11.jar:/home/runner/.m2/repository/org/apache/tomcat/embed/tomcat-embed-websocket/10.1.11/tomcat-embed-websocket-10.1.11.jar:/home/runner/.m2/repository/org/springframework/spring-web/6.0.11/spring-web-6.0.11.jar:/home/runner/.m2/repository/io/micrometer/micrometer-observation/1.11.2/micrometer-observation-1.11.2.jar:/home/runner/.m2/repository/io/micrometer/micrometer-commons/1.11.2/micrometer-commons-1.11.2.jar:/home/runner/.m2/repository/org/springframework/spring-webmvc/6.0.11/spring-webmvc-6.0.11.jar:/home/runner/.m2/repository/org/springframework/spring-expression/6.0.11/spring-expression-6.0.11.jar:/home/runner/.m2/repository/org/postgresql/postgresql/42.6.0/postgresql-42.6.0.jar:/home/runner/.m2/repository/org/checkerframework/checker-qual/3.31.0/checker-qual-3.31.0.jar:/home/runner/.m2/repository/org/flywaydb/flyway-core/9.16.3/flyway-core-9.16.3.jar:/home/runner/.m2/repository/com/fasterxml/jackson/dataformat/jackson-dataformat-toml/2.15.2/jackson-dataformat-toml-2.15.2.jar:/home/runner/.m2/repository/com/fasterxml/jackson/core/jackson-core/2.15.2/jackson-core-2.15.2.jar:/home/runner/.m2/repository/org/apache/commons/commons-text/1.10.0/commons-text-1.10.0.jar:/home/runner/.m2/repository/org/springframework/boot/spring-boot-devtools/3.1.2/spring-boot-devtools-3.1.2.jar:/home/runner/.m2/repository/org/springframework/boot/spring-boot/3.1.2/spring-boot-3.1.2.jar:/home/runner/.m2/repository/org/springframework/boot/spring-boot-autoconfigure/3.1.2/spring-boot-autoconfigure-3.1.2.jar:/home/runner/.m2/repository/org/springframework/boot/spring-boot-starter-webflux/3.1.2/spring-boot-starter-webflux-3.1.2.jar:/home/runner/.m2/repository/org/springframework/boot/spring-boot-starter-reactor-netty/3.1.2/spring-boot-starter-reactor-netty-3.1.2.jar:/home/runner/.m2/repository/io/projectreactor/netty/reactor-netty-http/1.1.9/reactor-netty-http-1.1.9.jar:/home/runner/.m2/repository/io/netty/netty-codec-http/4.1.94.Final/netty-codec-http-4.1.94.Final.jar:/home/runner/.m2/repository/io/netty/netty-common/4.1.94.Final/netty-common-4.1.94.Final.jar:/home/runner/.m2/repository/io/netty/netty-buffer/4.1.94.Final/netty-buffer-4.1.94.Final.jar:/home/runner/.m2/repository/io/netty/netty-transport/4.1.94.Final/netty-transport-4.1.94.Final.jar:/home/runner/.m2/repository/io/netty/netty-codec/4.1.94.Final/netty-codec-4.1.94.Final.jar:/home/runner/.m2/repository/io/netty/netty-handler/4.1.94.Final/netty-handler-4.1.94.Final.jar:/home/runner/.m2/repository/io/netty/netty-codec-http2/4.1.94.Final/netty-codec-http2-4.1.94.Final.jar:/home/runner/.m2/repository/io/netty/netty-resolver-dns/4.1.94.Final/netty-resolver-dns-4.1.94.Final.jar:/home/runner/.m2/repository/io/netty/netty-resolver/4.1.94.Final/netty-resolver-4.1.94.Final.jar:/home/runner/.m2/repository/io/netty/netty-codec-dns/4.1.94.Final/netty-codec-dns-4.1.94.Final.jar:/home/runner/.m2/repository/io/netty/netty-resolver-dns-native-macos/4.1.94.Final/netty-resolver-dns-native-macos-4.1.94.Final-osx-x86_64.jar:/home/runner/.m2/repository/io/netty/netty-resolver-dns-classes-macos/4.1.94.Final/netty-resolver-dns-classes-macos-4.1.94.Final.jar:/home/runner/.m2/repository/io/netty/netty-transport-native-epoll/4.1.94.Final/netty-transport-native-epoll-4.1.94.Final-linux-x86_64.jar:/home/runner/.m2/repository/io/netty/netty-transport-native-unix-common/4.1.94.Final/netty-transport-native-unix-common-4.1.94.Final.jar:/home/runner/.m2/repository/io/netty/netty-transport-classes-epoll/4.1.94.Final/netty-transport-classes-epoll-4.1.94.Final.jar:/home/runner/.m2/repository/io/projectreactor/netty/reactor-netty-core/1.1.9/reactor-netty-core-1.1.9.jar:/home/runner/.m2/repository/io/netty/netty-handler-proxy/4.1.94.Final/netty-handler-proxy-4.1.94.Final.jar:/home/runner/.m2/repository/io/netty/netty-codec-socks/4.1.94.Final/netty-codec-socks-4.1.94.Final.jar:/home/runner/.m2/repository/org/springframework/spring-webflux/6.0.11/spring-webflux-6.0.11.jar:/home/runner/.m2/repository/io/projectreactor/reactor-core/3.5.8/reactor-core-3.5.8.jar:/home/runner/.m2/repository/org/reactivestreams/reactive-streams/1.0.4/reactive-streams-1.0.4.jar:/home/runner/.m2/repository/org/springframework/boot/spring-boot-starter-test/3.1.2/spring-boot-starter-test-3.1.2.jar:/home/runner/.m2/repository/org/springframework/boot/spring-boot-test/3.1.2/spring-boot-test-3.1.2.jar:/home/runner/.m2/repository/org/springframework/boot/spring-boot-test-autoconfigure/3.1.2/spring-boot-test-autoconfigure-3.1.2.jar:/home/runner/.m2/repository/com/jayway/jsonpath/json-path/2.8.0/json-path-2.8.0.jar:/home/runner/.m2/repository/jakarta/xml/bind/jakarta.xml.bind-api/4.0.0/jakarta.xml.bind-api-4.0.0.jar:/home/runner/.m2/repository/jakarta/activation/jakarta.activation-api/2.1.2/jakarta.activation-api-2.1.2.jar:/home/runner/.m2/repository/net/minidev/json-smart/2.4.11/json-smart-2.4.11.jar:/home/runner/.m2/repository/net/minidev/accessors-smart/2.4.11/accessors-smart-2.4.11.jar:/home/runner/.m2/repository/org/ow2/asm/asm/9.3/asm-9.3.jar:/home/runner/.m2/repository/org/assertj/assertj-core/3.24.2/assertj-core-3.24.2.jar:/home/runner/.m2/repository/org/hamcrest/hamcrest/2.2/hamcrest-2.2.jar:/home/runner/.m2/repository/org/junit/jupiter/junit-jupiter/5.9.3/junit-jupiter-5.9.3.jar:/home/runner/.m2/repository/org/junit/jupiter/junit-jupiter-params/5.9.3/junit-jupiter-params-5.9.3.jar:/home/runner/.m2/repository/org/junit/jupiter/junit-jupiter-engine/5.9.3/junit-jupiter-engine-5.9.3.jar:/home/runner/.m2/repository/org/junit/platform/junit-platform-engine/1.9.3/junit-platform-engine-1.9.3.jar:/home/runner/.m2/repository/org/mockito/mockito-core/5.3.1/mockito-core-5.3.1.jar:/home/runner/.m2/repository/net/bytebuddy/byte-buddy-agent/1.14.5/byte-buddy-agent-1.14.5.jar:/home/runner/.m2/repository/org/objenesis/objenesis/3.3/objenesis-3.3.jar:/home/runner/.m2/repository/org/mockito/mockito-junit-jupiter/5.3.1/mockito-junit-jupiter-5.3.1.jar:/home/runner/.m2/repository/org/skyscreamer/jsonassert/1.5.1/jsonassert-1.5.1.jar:/home/runner/.m2/repository/com/vaadin/external/google/android-json/0.0.20131108.vaadin1/android-json-0.0.20131108.vaadin1.jar:/home/runner/.m2/repository/org/springframework/spring-core/6.0.11/spring-core-6.0.11.jar:/home/runner/.m2/repository/org/springframework/spring-jcl/6.0.11/spring-jcl-6.0.11.jar:/home/runner/.m2/repository/org/springframework/spring-test/6.0.11/spring-test-6.0.11.jar:/home/runner/.m2/repository/org/xmlunit/xmlunit-core/2.9.1/xmlunit-core-2.9.1.jar:/home/runner/.m2/repository/org/springframework/boot/spring-boot-docker-compose/3.1.2/spring-boot-docker-compose-3.1.2.jar:/home/runner/.m2/repository/com/fasterxml/jackson/core/jackson-databind/2.15.2/jackson-databind-2.15.2.jar:/home/runner/.m2/repository/com/fasterxml/jackson/core/jackson-annotations/2.15.2/jackson-annotations-2.15.2.jar:/home/runner/.m2/repository/com/fasterxml/jackson/module/jackson-module-parameter-names/2.15.2/jackson-module-parameter-names-2.15.2.jar:/home/runner/.m2/repository/org/springframework/boot/spring-boot-testcontainers/3.1.2/spring-boot-testcontainers-3.1.2.jar:/home/runner/.m2/repository/com/github/javafaker/javafaker/1.0.2/javafaker-1.0.2.jar:/home/runner/.m2/repository/org/apache/commons/commons-lang3/3.12.0/commons-lang3-3.12.0.jar:/home/runner/.m2/repository/org/yaml/snakeyaml/1.23/snakeyaml-1.23-android.jar:/home/runner/.m2/repository/com/github/mifmif/generex/1.0.2/generex-1.0.2.jar:/home/runner/.m2/repository/dk/brics/automaton/automaton/1.11-8/automaton-1.11-8.jar:/home/runner/.m2/repository/org/testcontainers/junit-jupiter/1.17.6/junit-jupiter-1.17.6.jar:/home/runner/.m2/repository/org/junit/jupiter/junit-jupiter-api/5.9.3/junit-jupiter-api-5.9.3.jar:/home/runner/.m2/repository/org/opentest4j/opentest4j/1.2.0/opentest4j-1.2.0.jar:/home/runner/.m2/repository/org/junit/platform/junit-platform-commons/1.9.3/junit-platform-commons-1.9.3.jar:/home/runner/.m2/repository/org/apiguardian/apiguardian-api/1.1.2/apiguardian-api-1.1.2.jar:/home/runner/.m2/repository/org/testcontainers/testcontainers/1.17.6/testcontainers-1.17.6.jar:/home/runner/.m2/repository/junit/junit/4.13.2/junit-4.13.2.jar:/home/runner/.m2/repository/org/hamcrest/hamcrest-core/2.2/hamcrest-core-2.2.jar:/home/runner/.m2/repository/org/slf4j/slf4j-api/2.0.7/slf4j-api-2.0.7.jar:/home/runner/.m2/repository/org/apache/commons/commons-compress/1.22/commons-compress-1.22.jar:/home/runner/.m2/repository/org/rnorth/duct-tape/duct-tape/1.0.8/duct-tape-1.0.8.jar:/home/runner/.m2/repository/org/jetbrains/annotations/17.0.0/annotations-17.0.0.jar:/home/runner/.m2/repository/com/github/docker-java/docker-java-api/3.2.13/docker-java-api-3.2.13.jar:/home/runner/.m2/repository/com/github/docker-java/docker-java-transport-zerodep/3.2.13/docker-java-transport-zerodep-3.2.13.jar:/home/runner/.m2/repository/com/github/docker-java/docker-java-transport/3.2.13/docker-java-transport-3.2.13.jar:/home/runner/.m2/repository/net/java/dev/jna/jna/5.8.0/jna-5.8.0.jar:/home/runner/.m2/repository/org/testcontainers/postgresql/1.18.3/postgresql-1.18.3.jar:/home/runner/.m2/repository/org/testcontainers/jdbc/1.18.3/jdbc-1.18.3.jar:/home/runner/.m2/repository/org/testcontainers/database-commons/1.18.3/database-commons-1.18.3.jar:"/>
    <property name="java.vm.vendor" value="Eclipse Adoptium"/>
    <property name="sun.arch.data.model" value="64"/>
    <property name="java.vendor.url" value="https://adoptium.net/"/>
    <property name="user.timezone" value="Etc/UTC"/>
    <property name="org.jboss.logging.provider" value="slf4j"/>
    <property name="os.name" value="Linux"/>
    <property name="java.vm.specification.version" value="17"/>
    <property name="sun.java.launcher" value="SUN_STANDARD"/>
    <property name="sun.boot.library.path" value="/usr/lib/jvm/temurin-17-jdk-amd64/lib"/>
    <property name="sun.java.command" value="/home/runner/work/testing-fullstack/testing-fullstack/backend/target/surefire/surefirebooter-20230919110839468_3.jar /home/runner/work/testing-fullstack/testing-fullstack/backend/target/surefire 2023-09-19T11-08-39_352-jvmRun1 surefire-20230919110839468_1tmp surefire_0-20230919110839468_2tmp"/>
    <property name="jdk.debug" value="release"/>
    <property name="surefire.test.class.path" value="/home/runner/work/testing-fullstack/testing-fullstack/backend/target/test-classes:/home/runner/work/testing-fullstack/testing-fullstack/backend/target/classes:/home/runner/.m2/repository/org/springframework/boot/spring-boot-starter-data-jdbc/3.1.2/spring-boot-starter-data-jdbc-3.1.2.jar:/home/runner/.m2/repository/org/springframework/boot/spring-boot-starter-jdbc/3.1.2/spring-boot-starter-jdbc-3.1.2.jar:/home/runner/.m2/repository/com/zaxxer/HikariCP/5.0.1/HikariCP-5.0.1.jar:/home/runner/.m2/repository/org/springframework/spring-jdbc/6.0.11/spring-jdbc-6.0.11.jar:/home/runner/.m2/repository/org/springframework/data/spring-data-jdbc/3.1.2/spring-data-jdbc-3.1.2.jar:/home/runner/.m2/repository/org/springframework/data/spring-data-relational/3.1.2/spring-data-relational-3.1.2.jar:/home/runner/.m2/repository/org/springframework/data/spring-data-commons/3.1.2/spring-data-commons-3.1.2.jar:/home/runner/.m2/repository/org/springframework/spring-tx/6.0.11/spring-tx-6.0.11.jar:/home/runner/.m2/repository/org/springframework/spring-context/6.0.11/spring-context-6.0.11.jar:/home/runner/.m2/repository/org/springframework/spring-beans/6.0.11/spring-beans-6.0.11.jar:/home/runner/.m2/repository/org/springframework/boot/spring-boot-starter-data-jpa/3.1.2/spring-boot-starter-data-jpa-3.1.2.jar:/home/runner/.m2/repository/org/springframework/boot/spring-boot-starter-aop/3.1.2/spring-boot-starter-aop-3.1.2.jar:/home/runner/.m2/repository/org/springframework/spring-aop/6.0.11/spring-aop-6.0.11.jar:/home/runner/.m2/repository/org/aspectj/aspectjweaver/1.9.19/aspectjweaver-1.9.19.jar:/home/runner/.m2/repository/org/hibernate/orm/hibernate-core/6.2.6.Final/hibernate-core-6.2.6.Final.jar:/home/runner/.m2/repository/jakarta/persistence/jakarta.persistence-api/3.1.0/jakarta.persistence-api-3.1.0.jar:/home/runner/.m2/repository/jakarta/transaction/jakarta.transaction-api/2.0.1/jakarta.transaction-api-2.0.1.jar:/home/runner/.m2/repository/org/jboss/logging/jboss-logging/3.5.3.Final/jboss-logging-3.5.3.Final.jar:/home/runner/.m2/repository/org/hibernate/common/hibernate-commons-annotations/6.0.6.Final/hibernate-commons-annotations-6.0.6.Final.jar:/home/runner/.m2/repository/io/smallrye/jandex/3.0.5/jandex-3.0.5.jar:/home/runner/.m2/repository/com/fasterxml/classmate/1.5.1/classmate-1.5.1.jar:/home/runner/.m2/repository/net/bytebuddy/byte-buddy/1.14.5/byte-buddy-1.14.5.jar:/home/runner/.m2/repository/org/glassfish/jaxb/jaxb-runtime/4.0.3/jaxb-runtime-4.0.3.jar:/home/runner/.m2/repository/org/glassfish/jaxb/jaxb-core/4.0.3/jaxb-core-4.0.3.jar:/home/runner/.m2/repository/org/eclipse/angus/angus-activation/2.0.1/angus-activation-2.0.1.jar:/home/runner/.m2/repository/org/glassfish/jaxb/txw2/4.0.3/txw2-4.0.3.jar:/home/runner/.m2/repository/com/sun/istack/istack-commons-runtime/4.1.2/istack-commons-runtime-4.1.2.jar:/home/runner/.m2/repository/jakarta/inject/jakarta.inject-api/2.0.1/jakarta.inject-api-2.0.1.jar:/home/runner/.m2/repository/org/antlr/antlr4-runtime/4.10.1/antlr4-runtime-4.10.1.jar:/home/runner/.m2/repository/org/springframework/data/spring-data-jpa/3.1.2/spring-data-jpa-3.1.2.jar:/home/runner/.m2/repository/org/springframework/spring-orm/6.0.11/spring-orm-6.0.11.jar:/home/runner/.m2/repository/jakarta/annotation/jakarta.annotation-api/2.1.1/jakarta.annotation-api-2.1.1.jar:/home/runner/.m2/repository/org/springframework/spring-aspects/6.0.11/spring-aspects-6.0.11.jar:/home/runner/.m2/repository/org/springframework/boot/spring-boot-starter-web/3.1.2/spring-boot-starter-web-3.1.2.jar:/home/runner/.m2/repository/org/springframework/boot/spring-boot-starter/3.1.2/spring-boot-starter-3.1.2.jar:/home/runner/.m2/repository/org/springframework/boot/spring-boot-starter-logging/3.1.2/spring-boot-starter-logging-3.1.2.jar:/home/runner/.m2/repository/ch/qos/logback/logback-classic/1.4.8/logback-classic-1.4.8.jar:/home/runner/.m2/repository/ch/qos/logback/logback-core/1.4.8/logback-core-1.4.8.jar:/home/runner/.m2/repository/org/apache/logging/log4j/log4j-to-slf4j/2.20.0/log4j-to-slf4j-2.20.0.jar:/home/runner/.m2/repository/org/apache/logging/log4j/log4j-api/2.20.0/log4j-api-2.20.0.jar:/home/runner/.m2/repository/org/slf4j/jul-to-slf4j/2.0.7/jul-to-slf4j-2.0.7.jar:/home/runner/.m2/repository/org/yaml/snakeyaml/1.33/snakeyaml-1.33.jar:/home/runner/.m2/repository/org/springframework/boot/spring-boot-starter-json/3.1.2/spring-boot-starter-json-3.1.2.jar:/home/runner/.m2/repository/com/fasterxml/jackson/datatype/jackson-datatype-jdk8/2.15.2/jackson-datatype-jdk8-2.15.2.jar:/home/runner/.m2/repository/com/fasterxml/jackson/datatype/jackson-datatype-jsr310/2.15.2/jackson-datatype-jsr310-2.15.2.jar:/home/runner/.m2/repository/org/springframework/boot/spring-boot-starter-tomcat/3.1.2/spring-boot-starter-tomcat-3.1.2.jar:/home/runner/.m2/repository/org/apache/tomcat/embed/tomcat-embed-core/10.1.11/tomcat-embed-core-10.1.11.jar:/home/runner/.m2/repository/org/apache/tomcat/embed/tomcat-embed-el/10.1.11/tomcat-embed-el-10.1.11.jar:/home/runner/.m2/repository/org/apache/tomcat/embed/tomcat-embed-websocket/10.1.11/tomcat-embed-websocket-10.1.11.jar:/home/runner/.m2/repository/org/springframework/spring-web/6.0.11/spring-web-6.0.11.jar:/home/runner/.m2/repository/io/micrometer/micrometer-observation/1.11.2/micrometer-observation-1.11.2.jar:/home/runner/.m2/repository/io/micrometer/micrometer-commons/1.11.2/micrometer-commons-1.11.2.jar:/home/runner/.m2/repository/org/springframework/spring-webmvc/6.0.11/spring-webmvc-6.0.11.jar:/home/runner/.m2/repository/org/springframework/spring-expression/6.0.11/spring-expression-6.0.11.jar:/home/runner/.m2/repository/org/postgresql/postgresql/42.6.0/postgresql-42.6.0.jar:/home/runner/.m2/repository/org/checkerframework/checker-qual/3.31.0/checker-qual-3.31.0.jar:/home/runner/.m2/repository/org/flywaydb/flyway-core/9.16.3/flyway-core-9.16.3.jar:/home/runner/.m2/repository/com/fasterxml/jackson/dataformat/jackson-dataformat-toml/2.15.2/jackson-dataformat-toml-2.15.2.jar:/home/runner/.m2/repository/com/fasterxml/jackson/core/jackson-core/2.15.2/jackson-core-2.15.2.jar:/home/runner/.m2/repository/org/apache/commons/commons-text/1.10.0/commons-text-1.10.0.jar:/home/runner/.m2/repository/org/springframework/boot/spring-boot-devtools/3.1.2/spring-boot-devtools-3.1.2.jar:/home/runner/.m2/repository/org/springframework/boot/spring-boot/3.1.2/spring-boot-3.1.2.jar:/home/runner/.m2/repository/org/springframework/boot/spring-boot-autoconfigure/3.1.2/spring-boot-autoconfigure-3.1.2.jar:/home/runner/.m2/repository/org/springframework/boot/spring-boot-starter-webflux/3.1.2/spring-boot-starter-webflux-3.1.2.jar:/home/runner/.m2/repository/org/springframework/boot/spring-boot-starter-reactor-netty/3.1.2/spring-boot-starter-reactor-netty-3.1.2.jar:/home/runner/.m2/repository/io/projectreactor/netty/reactor-netty-http/1.1.9/reactor-netty-http-1.1.9.jar:/home/runner/.m2/repository/io/netty/netty-codec-http/4.1.94.Final/netty-codec-http-4.1.94.Final.jar:/home/runner/.m2/repository/io/netty/netty-common/4.1.94.Final/netty-common-4.1.94.Final.jar:/home/runner/.m2/repository/io/netty/netty-buffer/4.1.94.Final/netty-buffer-4.1.94.Final.jar:/home/runner/.m2/repository/io/netty/netty-transport/4.1.94.Final/netty-transport-4.1.94.Final.jar:/home/runner/.m2/repository/io/netty/netty-codec/4.1.94.Final/netty-codec-4.1.94.Final.jar:/home/runner/.m2/repository/io/netty/netty-handler/4.1.94.Final/netty-handler-4.1.94.Final.jar:/home/runner/.m2/repository/io/netty/netty-codec-http2/4.1.94.Final/netty-codec-http2-4.1.94.Final.jar:/home/runner/.m2/repository/io/netty/netty-resolver-dns/4.1.94.Final/netty-resolver-dns-4.1.94.Final.jar:/home/runner/.m2/repository/io/netty/netty-resolver/4.1.94.Final/netty-resolver-4.1.94.Final.jar:/home/runner/.m2/repository/io/netty/netty-codec-dns/4.1.94.Final/netty-codec-dns-4.1.94.Final.jar:/home/runner/.m2/repository/io/netty/netty-resolver-dns-native-macos/4.1.94.Final/netty-resolver-dns-native-macos-4.1.94.Final-osx-x86_64.jar:/home/runner/.m2/repository/io/netty/netty-resolver-dns-classes-macos/4.1.94.Final/netty-resolver-dns-classes-macos-4.1.94.Final.jar:/home/runner/.m2/repository/io/netty/netty-transport-native-epoll/4.1.94.Final/netty-transport-native-epoll-4.1.94.Final-linux-x86_64.jar:/home/runner/.m2/repository/io/netty/netty-transport-native-unix-common/4.1.94.Final/netty-transport-native-unix-common-4.1.94.Final.jar:/home/runner/.m2/repository/io/netty/netty-transport-classes-epoll/4.1.94.Final/netty-transport-classes-epoll-4.1.94.Final.jar:/home/runner/.m2/repository/io/projectreactor/netty/reactor-netty-core/1.1.9/reactor-netty-core-1.1.9.jar:/home/runner/.m2/repository/io/netty/netty-handler-proxy/4.1.94.Final/netty-handler-proxy-4.1.94.Final.jar:/home/runner/.m2/repository/io/netty/netty-codec-socks/4.1.94.Final/netty-codec-socks-4.1.94.Final.jar:/home/runner/.m2/repository/org/springframework/spring-webflux/6.0.11/spring-webflux-6.0.11.jar:/home/runner/.m2/repository/io/projectreactor/reactor-core/3.5.8/reactor-core-3.5.8.jar:/home/runner/.m2/repository/org/reactivestreams/reactive-streams/1.0.4/reactive-streams-1.0.4.jar:/home/runner/.m2/repository/org/springframework/boot/spring-boot-starter-test/3.1.2/spring-boot-starter-test-3.1.2.jar:/home/runner/.m2/repository/org/springframework/boot/spring-boot-test/3.1.2/spring-boot-test-3.1.2.jar:/home/runner/.m2/repository/org/springframework/boot/spring-boot-test-autoconfigure/3.1.2/spring-boot-test-autoconfigure-3.1.2.jar:/home/runner/.m2/repository/com/jayway/jsonpath/json-path/2.8.0/json-path-2.8.0.jar:/home/runner/.m2/repository/jakarta/xml/bind/jakarta.xml.bind-api/4.0.0/jakarta.xml.bind-api-4.0.0.jar:/home/runner/.m2/repository/jakarta/activation/jakarta.activation-api/2.1.2/jakarta.activation-api-2.1.2.jar:/home/runner/.m2/repository/net/minidev/json-smart/2.4.11/json-smart-2.4.11.jar:/home/runner/.m2/repository/net/minidev/accessors-smart/2.4.11/accessors-smart-2.4.11.jar:/home/runner/.m2/repository/org/ow2/asm/asm/9.3/asm-9.3.jar:/home/runner/.m2/repository/org/assertj/assertj-core/3.24.2/assertj-core-3.24.2.jar:/home/runner/.m2/repository/org/hamcrest/hamcrest/2.2/hamcrest-2.2.jar:/home/runner/.m2/repository/org/junit/jupiter/junit-jupiter/5.9.3/junit-jupiter-5.9.3.jar:/home/runner/.m2/repository/org/junit/jupiter/junit-jupiter-params/5.9.3/junit-jupiter-params-5.9.3.jar:/home/runner/.m2/repository/org/junit/jupiter/junit-jupiter-engine/5.9.3/junit-jupiter-engine-5.9.3.jar:/home/runner/.m2/repository/org/junit/platform/junit-platform-engine/1.9.3/junit-platform-engine-1.9.3.jar:/home/runner/.m2/repository/org/mockito/mockito-core/5.3.1/mockito-core-5.3.1.jar:/home/runner/.m2/repository/net/bytebuddy/byte-buddy-agent/1.14.5/byte-buddy-agent-1.14.5.jar:/home/runner/.m2/repository/org/objenesis/objenesis/3.3/objenesis-3.3.jar:/home/runner/.m2/repository/org/mockito/mockito-junit-jupiter/5.3.1/mockito-junit-jupiter-5.3.1.jar:/home/runner/.m2/repository/org/skyscreamer/jsonassert/1.5.1/jsonassert-1.5.1.jar:/home/runner/.m2/repository/com/vaadin/external/google/android-json/0.0.20131108.vaadin1/android-json-0.0.20131108.vaadin1.jar:/home/runner/.m2/repository/org/springframework/spring-core/6.0.11/spring-core-6.0.11.jar:/home/runner/.m2/repository/org/springframework/spring-jcl/6.0.11/spring-jcl-6.0.11.jar:/home/runner/.m2/repository/org/springframework/spring-test/6.0.11/spring-test-6.0.11.jar:/home/runner/.m2/repository/org/xmlunit/xmlunit-core/2.9.1/xmlunit-core-2.9.1.jar:/home/runner/.m2/repository/org/springframework/boot/spring-boot-docker-compose/3.1.2/spring-boot-docker-compose-3.1.2.jar:/home/runner/.m2/repository/com/fasterxml/jackson/core/jackson-databind/2.15.2/jackson-databind-2.15.2.jar:/home/runner/.m2/repository/com/fasterxml/jackson/core/jackson-annotations/2.15.2/jackson-annotations-2.15.2.jar:/home/runner/.m2/repository/com/fasterxml/jackson/module/jackson-module-parameter-names/2.15.2/jackson-module-parameter-names-2.15.2.jar:/home/runner/.m2/repository/org/springframework/boot/spring-boot-testcontainers/3.1.2/spring-boot-testcontainers-3.1.2.jar:/home/runner/.m2/repository/com/github/javafaker/javafaker/1.0.2/javafaker-1.0.2.jar:/home/runner/.m2/repository/org/apache/commons/commons-lang3/3.12.0/commons-lang3-3.12.0.jar:/home/runner/.m2/repository/org/yaml/snakeyaml/1.23/snakeyaml-1.23-android.jar:/home/runner/.m2/repository/com/github/mifmif/generex/1.0.2/generex-1.0.2.jar:/home/runner/.m2/repository/dk/brics/automaton/automaton/1.11-8/automaton-1.11-8.jar:/home/runner/.m2/repository/org/testcontainers/junit-jupiter/1.17.6/junit-jupiter-1.17.6.jar:/home/runner/.m2/repository/org/junit/jupiter/junit-jupiter-api/5.9.3/junit-jupiter-api-5.9.3.jar:/home/runner/.m2/repository/org/opentest4j/opentest4j/1.2.0/opentest4j-1.2.0.jar:/home/runner/.m2/repository/org/junit/platform/junit-platform-commons/1.9.3/junit-platform-commons-1.9.3.jar:/home/runner/.m2/repository/org/apiguardian/apiguardian-api/1.1.2/apiguardian-api-1.1.2.jar:/home/runner/.m2/repository/org/testcontainers/testcontainers/1.17.6/testcontainers-1.17.6.jar:/home/runner/.m2/repository/junit/junit/4.13.2/junit-4.13.2.jar:/home/runner/.m2/repository/org/hamcrest/hamcrest-core/2.2/hamcrest-core-2.2.jar:/home/runner/.m2/repository/org/slf4j/slf4j-api/2.0.7/slf4j-api-2.0.7.jar:/home/runner/.m2/repository/org/apache/commons/commons-compress/1.22/commons-compress-1.22.jar:/home/runner/.m2/repository/org/rnorth/duct-tape/duct-tape/1.0.8/duct-tape-1.0.8.jar:/home/runner/.m2/repository/org/jetbrains/annotations/17.0.0/annotations-17.0.0.jar:/home/runner/.m2/repository/com/github/docker-java/docker-java-api/3.2.13/docker-java-api-3.2.13.jar:/home/runner/.m2/repository/com/github/docker-java/docker-java-transport-zerodep/3.2.13/docker-java-transport-zerodep-3.2.13.jar:/home/runner/.m2/repository/com/github/docker-java/docker-java-transport/3.2.13/docker-java-transport-3.2.13.jar:/home/runner/.m2/repository/net/java/dev/jna/jna/5.8.0/jna-5.8.0.jar:/home/runner/.m2/repository/org/testcontainers/postgresql/1.18.3/postgresql-1.18.3.jar:/home/runner/.m2/repository/org/testcontainers/jdbc/1.18.3/jdbc-1.18.3.jar:/home/runner/.m2/repository/org/testcontainers/database-commons/1.18.3/database-commons-1.18.3.jar:"/>
    <property name="sun.cpu.endian" value="little"/>
    <property name="user.home" value="/home/runner"/>
    <property name="user.language" value="en"/>
    <property name="java.specification.vendor" value="Oracle Corporation"/>
    <property name="java.version.date" value="2023-08-24"/>
    <property name="java.home" value="/usr/lib/jvm/temurin-17-jdk-amd64"/>
    <property name="file.separator" value="/"/>
    <property name="basedir" value="/home/runner/work/testing-fullstack/testing-fullstack/backend"/>
    <property name="java.vm.compressedOopsMode" value="32-bit"/>
    <property name="line.separator" value="&#10;"/>
    <property name="java.vm.specification.vendor" value="Oracle Corporation"/>
    <property name="java.specification.name" value="Java Platform API Specification"/>
    <property name="FILE_LOG_CHARSET" value="UTF-8"/>
    <property name="java.awt.headless" value="true"/>
    <property name="surefire.real.class.path" value="/home/runner/work/testing-fullstack/testing-fullstack/backend/target/surefire/surefirebooter-20230919110839468_3.jar"/>
    <property name="sun.management.compiler" value="HotSpot 64-Bit Tiered Compilers"/>
    <property name="java.runtime.version" value="17.0.8.1+1"/>
    <property name="user.name" value="runner"/>
    <property name="path.separator" value=":"/>
    <property name="os.version" value="6.2.0-1011-azure"/>
    <property name="java.runtime.name" value="OpenJDK Runtime Environment"/>
    <property name="file.encoding" value="UTF-8"/>
    <property name="jnidispatch.path" value="/home/runner/.cache/JNA/temp/jna18024123977636313211.tmp"/>
    <property name="java.vm.name" value="OpenJDK 64-Bit Server VM"/>
    <property name="jna.platform.library.path" value="/usr/lib/x86_64-linux-gnu:/lib/x86_64-linux-gnu:/usr/lib64:/lib64:/usr/lib:/lib:/lib32:/usr/local/lib:/usr/lib/x86_64-linux-gnu/libfakeroot"/>
    <property name="java.vendor.version" value="Temurin-17.0.8.1+1"/>
    <property name="localRepository" value="/home/runner/.m2/repository"/>
    <property name="jna.loaded" value="true"/>
    <property name="java.vendor.url.bug" value="https://github.com/adoptium/adoptium-support/issues"/>
    <property name="java.io.tmpdir" value="/tmp"/>
    <property name="docker.image.tag" value="19.09.2023.11.08.30"/>
    <property name="com.zaxxer.hikari.pool_number" value="1"/>
    <property name="java.version" value="17.0.8.1"/>
    <property name="user.dir" value="/home/runner/work/testing-fullstack/testing-fullstack/backend"/>
    <property name="os.arch" value="amd64"/>
    <property name="java.vm.specification.name" value="Java Virtual Machine Specification"/>
    <property name="PID" value="2254"/>
    <property name="CONSOLE_LOG_CHARSET" value="UTF-8"/>
    <property name="native.encoding" value="UTF-8"/>
    <property name="java.library.path" value="/usr/java/packages/lib:/usr/lib64:/lib64:/lib:/usr/lib"/>
    <property name="java.vm.info" value="mixed mode, sharing"/>
    <property name="java.vendor" value="Eclipse Adoptium"/>
    <property name="java.vm.version" value="17.0.8.1+1"/>
    <property name="sun.io.unicode.encoding" value="UnicodeLittle"/>
    <property name="java.class.version" value="61.0"/>
  </properties>
  <testcase name="existsByEmail" classname="com.amigoes.fullstack.customer.CustomerRepositoryTest" time="0.283">
    <system-out><![CDATA[11:08:43.766 [main] WARN org.testcontainers.utility.TestcontainersConfiguration -- Attempted to read Testcontainers configuration file at file:/home/runner/.testcontainers.properties but the file was not found. Exception message: FileNotFoundException: /home/runner/.testcontainers.properties (No such file or directory)
11:08:43.773 [main] INFO org.testcontainers.utility.ImageNameSubstitutor -- Image name substitution will be performed by: DefaultImageNameSubstitutor (composite of 'ConfigurationFileImageNameSubstitutor' and 'PrefixingImageNameSubstitutor')
11:08:44.529 [main] INFO org.testcontainers.dockerclient.DockerClientProviderStrategy -- Found Docker environment with local Unix socket (unix:///var/run/docker.sock)
11:08:44.539 [main] INFO org.testcontainers.DockerClientFactory -- Docker host IP address is localhost
11:08:44.569 [main] INFO org.testcontainers.DockerClientFactory -- Connected to docker: 
  Server Version: 24.0.6
  API Version: 1.43
  Operating System: Ubuntu 22.04.3 LTS
  Total Memory: 6921 MB
11:08:44.626 [main] INFO 🐳 [testcontainers/ryuk:0.3.4] -- Pulling docker image: testcontainers/ryuk:0.3.4. Please be patient; this may take some time but only needs to be done once.
11:08:45.364 [docker-java-stream-676711754] INFO 🐳 [testcontainers/ryuk:0.3.4] -- Starting to pull image
11:08:45.397 [docker-java-stream-676711754] INFO 🐳 [testcontainers/ryuk:0.3.4] -- Pulling image layers:  0 pending,  0 downloaded,  0 extracted, (0 bytes/0 bytes)
11:08:45.777 [docker-java-stream-676711754] INFO 🐳 [testcontainers/ryuk:0.3.4] -- Pulling image layers:  2 pending,  1 downloaded,  0 extracted, (317 KB/? MB)
11:08:45.786 [docker-java-stream-676711754] INFO 🐳 [testcontainers/ryuk:0.3.4] -- Pulling image layers:  1 pending,  2 downloaded,  0 extracted, (317 KB/? MB)
11:08:45.799 [docker-java-stream-676711754] INFO 🐳 [testcontainers/ryuk:0.3.4] -- Pulling image layers:  0 pending,  3 downloaded,  0 extracted, (321 KB/5 MB)
11:08:45.954 [docker-java-stream-676711754] INFO 🐳 [testcontainers/ryuk:0.3.4] -- Pulling image layers:  0 pending,  3 downloaded,  1 extracted, (2 MB/5 MB)
11:08:46.510 [docker-java-stream-676711754] INFO 🐳 [testcontainers/ryuk:0.3.4] -- Pulling image layers:  0 pending,  3 downloaded,  2 extracted, (2 MB/5 MB)
11:08:46.966 [docker-java-stream-676711754] INFO 🐳 [testcontainers/ryuk:0.3.4] -- Pulling image layers:  0 pending,  3 downloaded,  3 extracted, (5 MB/5 MB)
11:08:46.975 [docker-java-stream-676711754] INFO 🐳 [testcontainers/ryuk:0.3.4] -- Pull complete. 3 layers, pulled in 1s (downloaded 5 MB at 5 MB/s)
11:08:47.013 [main] INFO 🐳 [testcontainers/ryuk:0.3.4] -- Creating container for image: testcontainers/ryuk:0.3.4
11:08:47.117 [main] INFO 🐳 [testcontainers/ryuk:0.3.4] -- Container testcontainers/ryuk:0.3.4 is starting: d52c5f2a01736b63ae1c8411d37578fe968d7f90e65601d9388994695fb196f7
11:08:47.600 [main] INFO 🐳 [testcontainers/ryuk:0.3.4] -- Container testcontainers/ryuk:0.3.4 started in PT3.021363631S
11:08:47.608 [main] INFO org.testcontainers.utility.RyukResourceReaper -- Ryuk started - will monitor and terminate Testcontainers containers on JVM exit
11:08:47.609 [main] INFO org.testcontainers.DockerClientFactory -- Checking the system...
11:08:47.609 [main] INFO org.testcontainers.DockerClientFactory -- ✔︎ Docker server version should be at least 1.6.0
11:08:47.612 [main] INFO 🐳 [postgres:latest] -- Pulling docker image: postgres:latest. Please be patient; this may take some time but only needs to be done once.
11:08:48.260 [docker-java-stream-1871777725] INFO 🐳 [postgres:latest] -- Starting to pull image
11:08:48.261 [docker-java-stream-1871777725] INFO 🐳 [postgres:latest] -- Pulling image layers:  0 pending,  0 downloaded,  0 extracted, (0 bytes/0 bytes)
11:08:48.645 [docker-java-stream-1871777725] INFO 🐳 [postgres:latest] -- Pulling image layers: 12 pending,  1 downloaded,  0 extracted, (1 KB/? MB)
11:08:48.746 [docker-java-stream-1871777725] INFO 🐳 [postgres:latest] -- Pulling image layers: 11 pending,  2 downloaded,  0 extracted, (335 KB/? MB)
11:08:48.893 [docker-java-stream-1871777725] INFO 🐳 [postgres:latest] -- Pulling image layers: 10 pending,  3 downloaded,  0 extracted, (11 MB/? MB)
11:08:48.908 [docker-java-stream-1871777725] INFO 🐳 [postgres:latest] -- Pulling image layers:  9 pending,  4 downloaded,  0 extracted, (25 MB/? MB)
11:08:49.064 [docker-java-stream-1871777725] INFO 🐳 [postgres:latest] -- Pulling image layers:  8 pending,  5 downloaded,  0 extracted, (32 MB/? MB)
11:08:49.124 [docker-java-stream-1871777725] INFO 🐳 [postgres:latest] -- Pulling image layers:  7 pending,  6 downloaded,  0 extracted, (32 MB/? MB)
11:08:49.151 [docker-java-stream-1871777725] INFO 🐳 [postgres:latest] -- Pulling image layers:  6 pending,  7 downloaded,  0 extracted, (32 MB/? MB)
11:08:49.265 [docker-java-stream-1871777725] INFO 🐳 [postgres:latest] -- Pulling image layers:  5 pending,  8 downloaded,  0 extracted, (32 MB/? MB)
11:08:49.367 [docker-java-stream-1871777725] INFO 🐳 [postgres:latest] -- Pulling image layers:  4 pending,  9 downloaded,  0 extracted, (33 MB/? MB)
11:08:49.527 [docker-java-stream-1871777725] INFO 🐳 [postgres:latest] -- Pulling image layers:  3 pending, 10 downloaded,  0 extracted, (43 MB/? MB)
11:08:49.610 [docker-java-stream-1871777725] INFO 🐳 [postgres:latest] -- Pulling image layers:  2 pending, 11 downloaded,  0 extracted, (53 MB/? MB)
11:08:49.731 [docker-java-stream-1871777725] INFO 🐳 [postgres:latest] -- Pulling image layers:  1 pending, 12 downloaded,  0 extracted, (62 MB/? MB)
11:08:50.307 [docker-java-stream-1871777725] INFO 🐳 [postgres:latest] -- Pulling image layers:  0 pending, 13 downloaded,  0 extracted, (127 MB/144 MB)
11:08:50.926 [docker-java-stream-1871777725] INFO 🐳 [postgres:latest] -- Pulling image layers:  0 pending, 13 downloaded,  1 extracted, (129 MB/144 MB)
11:08:50.998 [docker-java-stream-1871777725] INFO 🐳 [postgres:latest] -- Pulling image layers:  0 pending, 13 downloaded,  2 extracted, (129 MB/144 MB)
11:08:51.762 [docker-java-stream-1871777725] INFO 🐳 [postgres:latest] -- Pulling image layers:  0 pending, 13 downloaded,  3 extracted, (133 MB/144 MB)
11:08:51.841 [docker-java-stream-1871777725] INFO 🐳 [postgres:latest] -- Pulling image layers:  0 pending, 13 downloaded,  4 extracted, (134 MB/144 MB)
11:08:52.333 [docker-java-stream-1871777725] INFO 🐳 [postgres:latest] -- Pulling image layers:  0 pending, 13 downloaded,  5 extracted, (135 MB/144 MB)
11:08:52.437 [docker-java-stream-1871777725] INFO 🐳 [postgres:latest] -- Pulling image layers:  0 pending, 13 downloaded,  6 extracted, (137 MB/144 MB)
11:08:52.455 [docker-java-stream-1871777725] INFO 🐳 [postgres:latest] -- Pulling image layers:  0 pending, 13 downloaded,  7 extracted, (137 MB/144 MB)
11:08:52.473 [docker-java-stream-1871777725] INFO 🐳 [postgres:latest] -- Pulling image layers:  0 pending, 13 downloaded,  8 extracted, (137 MB/144 MB)
11:08:57.726 [docker-java-stream-1871777725] INFO 🐳 [postgres:latest] -- Pulling image layers:  0 pending, 13 downloaded,  9 extracted, (144 MB/144 MB)
11:08:57.751 [docker-java-stream-1871777725] INFO 🐳 [postgres:latest] -- Pulling image layers:  0 pending, 13 downloaded, 10 extracted, (144 MB/144 MB)
11:08:57.766 [docker-java-stream-1871777725] INFO 🐳 [postgres:latest] -- Pulling image layers:  0 pending, 13 downloaded, 11 extracted, (144 MB/144 MB)
11:08:57.782 [docker-java-stream-1871777725] INFO 🐳 [postgres:latest] -- Pulling image layers:  0 pending, 13 downloaded, 12 extracted, (144 MB/144 MB)
11:08:57.803 [docker-java-stream-1871777725] INFO 🐳 [postgres:latest] -- Pulling image layers:  0 pending, 13 downloaded, 13 extracted, (144 MB/144 MB)
11:08:57.812 [docker-java-stream-1871777725] INFO 🐳 [postgres:latest] -- Pull complete. 13 layers, pulled in 9s (downloaded 144 MB at 16 MB/s)
11:08:57.815 [main] INFO 🐳 [postgres:latest] -- Creating container for image: postgres:latest
11:08:57.833 [main] INFO 🐳 [postgres:latest] -- Container postgres:latest is starting: e84c545b8f2c9082b3c149594fc1bd915a7b733d3a946df5994c60cd56e89d97
11:08:59.387 [main] INFO 🐳 [postgres:latest] -- Container postgres:latest started in PT11.777129351S
11:08:59.387 [main] INFO 🐳 [postgres:latest] -- Container is started (JDBC URL: jdbc:postgresql://localhost:32769/fullstack-dao-unit-test?loggerLevel=OFF)
11:08:59.406 [main] INFO org.springframework.test.context.support.AnnotationConfigContextLoaderUtils -- Could not detect default configuration classes for test class [com.amigoes.fullstack.customer.CustomerRepositoryTest]: CustomerRepositoryTest does not declare any static, non-private, non-final, nested classes annotated with @Configuration.
11:08:59.492 [main] INFO org.springframework.boot.test.context.SpringBootTestContextBootstrapper -- Found @SpringBootConfiguration com.amigoes.fullstack.FullstackApplication for test class com.amigoes.fullstack.customer.CustomerRepositoryTest
11:08:59.629 [main] INFO org.flywaydb.core.internal.license.VersionPrinter -- Flyway Community Edition 9.16.3 by Redgate
11:08:59.630 [main] INFO org.flywaydb.core.internal.license.VersionPrinter -- See release notes here: https://rd.gt/416ObMi
11:08:59.630 [main] INFO org.flywaydb.core.internal.license.VersionPrinter -- 
11:08:59.974 [main] INFO org.flywaydb.core.internal.database.base.BaseDatabaseType -- Database: jdbc:postgresql://localhost:32769/fullstack-dao-unit-test (PostgreSQL 16.0)
11:08:59.987 [main] WARN org.flywaydb.core.internal.database.base.Database -- Flyway upgrade recommended: PostgreSQL 16.0 is newer than this version of Flyway and support has not been tested. The latest supported version of PostgreSQL is 15.
11:09:00.015 [main] INFO org.flywaydb.core.internal.schemahistory.JdbcTableSchemaHistory -- Schema history table "public"."flyway_schema_history" does not exist yet
11:09:00.019 [main] INFO org.flywaydb.core.internal.command.DbValidate -- Successfully validated 3 migrations (execution time 00:00.020s)
11:09:00.039 [main] INFO org.flywaydb.core.internal.schemahistory.JdbcTableSchemaHistory -- Creating Schema History table "public"."flyway_schema_history" ...
11:09:00.124 [main] INFO org.flywaydb.core.internal.command.DbMigrate -- Current version of schema "public": << Empty Schema >>
11:09:00.129 [main] INFO org.flywaydb.core.internal.command.DbMigrate -- Migrating schema "public" to version "1 - Initial Setup"
11:09:00.146 [main] INFO org.flywaydb.core.internal.command.DbMigrate -- Migrating schema "public" to version "2 - Adding Constraints  To Email"
11:09:00.164 [main] INFO org.flywaydb.core.internal.command.DbMigrate -- Migrating schema "public" to version "3 - Add Gender Column Customer Table"
11:09:00.175 [main] INFO org.flywaydb.core.internal.command.DbMigrate -- Successfully applied 3 migrations to schema "public", now at version v3 (execution time 00:00.056s)

  .   ____          _            __ _ _
 /\\ / ___'_ __ _ _(_)_ __  __ _ \ \ \ \
( ( )\___ | '_ | '_| | '_ \/ _` | \ \ \ \
 \\/  ___)| |_)| | | | | || (_| |  ) ) ) )
  '  |____| .__|_| |_|_| |_\__, | / / / /
 =========|_|==============|___/=/_/_/_/
 :: Spring Boot ::                (v3.1.2)

2023-09-19T11:09:00.637Z  INFO 2254 --- [           main] c.a.f.customer.CustomerRepositoryTest    : Starting CustomerRepositoryTest using Java 17.0.8.1 with PID 2254 (started by runner in /home/runner/work/testing-fullstack/testing-fullstack/backend)
2023-09-19T11:09:00.639Z  INFO 2254 --- [           main] c.a.f.customer.CustomerRepositoryTest    : No active profile set, falling back to 1 default profile: "default"
2023-09-19T11:09:01.223Z  INFO 2254 --- [           main] .s.d.r.c.RepositoryConfigurationDelegate : Multiple Spring Data modules found, entering strict repository configuration mode
2023-09-19T11:09:01.225Z  INFO 2254 --- [           main] .s.d.r.c.RepositoryConfigurationDelegate : Bootstrapping Spring Data JPA repositories in DEFAULT mode.
2023-09-19T11:09:01.385Z  INFO 2254 --- [           main] .s.d.r.c.RepositoryConfigurationDelegate : Finished Spring Data repository scanning in 152 ms. Found 1 JPA repository interfaces.
2023-09-19T11:09:01.774Z  INFO 2254 --- [           main] com.zaxxer.hikari.HikariDataSource       : HikariPool-1 - Starting...
2023-09-19T11:09:01.875Z  INFO 2254 --- [           main] com.zaxxer.hikari.pool.HikariPool        : HikariPool-1 - Added connection org.postgresql.jdbc.PgConnection@1d2d793d
2023-09-19T11:09:01.877Z  INFO 2254 --- [           main] com.zaxxer.hikari.HikariDataSource       : HikariPool-1 - Start completed.
2023-09-19T11:09:01.888Z  INFO 2254 --- [           main] o.f.c.i.database.base.BaseDatabaseType   : Database: jdbc:postgresql://localhost:32769/fullstack-dao-unit-test (PostgreSQL 16.0)
2023-09-19T11:09:01.891Z  WARN 2254 --- [           main] o.f.c.internal.database.base.Database    : Flyway upgrade recommended: PostgreSQL 16.0 is newer than this version of Flyway and support has not been tested. The latest supported version of PostgreSQL is 15.
2023-09-19T11:09:01.900Z  INFO 2254 --- [           main] o.f.core.internal.command.DbValidate     : Successfully validated 3 migrations (execution time 00:00.006s)
2023-09-19T11:09:01.935Z  INFO 2254 --- [           main] o.f.core.internal.command.DbMigrate      : Current version of schema "public": 3
2023-09-19T11:09:01.936Z  INFO 2254 --- [           main] o.f.core.internal.command.DbMigrate      : Schema "public" is up to date. No migration necessary.
2023-09-19T11:09:02.096Z  INFO 2254 --- [           main] o.hibernate.jpa.internal.util.LogHelper  : HHH000204: Processing PersistenceUnitInfo [name: default]
2023-09-19T11:09:02.160Z  INFO 2254 --- [           main] org.hibernate.Version                    : HHH000412: Hibernate ORM core version 6.2.6.Final
2023-09-19T11:09:02.163Z  INFO 2254 --- [           main] org.hibernate.cfg.Environment            : HHH000406: Using bytecode reflection optimizer
2023-09-19T11:09:02.378Z  INFO 2254 --- [           main] o.h.b.i.BytecodeProviderInitiator        : HHH000021: Bytecode provider name : bytebuddy
2023-09-19T11:09:02.390Z  INFO 2254 --- [           main] o.s.o.j.p.SpringPersistenceUnitInfo      : No LoadTimeWeaver setup: ignoring JPA class transformer
2023-09-19T11:09:02.662Z  INFO 2254 --- [           main] o.h.b.i.BytecodeProviderInitiator        : HHH000021: Bytecode provider name : bytebuddy
2023-09-19T11:09:03.158Z  INFO 2254 --- [           main] o.h.e.t.j.p.i.JtaPlatformInitiator       : HHH000490: Using JtaPlatform implementation: [org.hibernate.engine.transaction.jta.platform.internal.NoJtaPlatform]
2023-09-19T11:09:03.161Z  INFO 2254 --- [           main] j.LocalContainerEntityManagerFactoryBean : Initialized JPA EntityManagerFactory for persistence unit 'default'
2023-09-19T11:09:03.699Z  WARN 2254 --- [           main] JpaBaseConfiguration$JpaWebConfiguration : spring.jpa.open-in-view is enabled by default. Therefore, database queries may be performed during view rendering. Explicitly configure spring.jpa.open-in-view to disable this warning
2023-09-19T11:09:03.776Z  INFO 2254 --- [           main] c.a.f.customer.CustomerRepositoryTest    : Started CustomerRepositoryTest in 3.539 seconds (process running for 24.197)
Hibernate: 
    select
        nextval('customer_id_seq')
Hibernate: 
    insert 
    into
        customer
        (age,email,gender,name,id) 
    values
        (?,?,?,?,?)
Hibernate: 
    select
        c1_0.id,
        c1_0.age,
        c1_0.email,
        c1_0.gender,
        c1_0.name 
    from
        customer c1_0
90
Hibernate: 
    select
        nextval('customer_id_seq')
Hibernate: 
    insert 
    into
        customer
        (age,email,gender,name,id) 
    values
        (?,?,?,?,?)
Hibernate: 
    delete 
    from
        customer 
    where
        id=?
Hibernate: 
    select
        c1_0.id 
    from
        customer c1_0 
    where
        c1_0.email=? fetch first ? rows only
]]></system-out>
  </testcase>
  <testcase name="deleteByEmail" classname="com.amigoes.fullstack.customer.CustomerRepositoryTest" time="0.012">
    <system-out><![CDATA[Hibernate: 
    select
        c1_0.id,
        c1_0.age,
        c1_0.email,
        c1_0.gender,
        c1_0.name 
    from
        customer c1_0
90
]]></system-out>
  </testcase>
  <testcase name="findByEmail" classname="com.amigoes.fullstack.customer.CustomerRepositoryTest" time="0.017">
    <system-out><![CDATA[Hibernate: 
    select
        c1_0.id,
        c1_0.age,
        c1_0.email,
        c1_0.gender,
        c1_0.name 
    from
        customer c1_0
90
Hibernate: 
    select
        nextval('customer_id_seq')
Hibernate: 
    insert 
    into
        customer
        (age,email,gender,name,id) 
    values
        (?,?,?,?,?)
Hibernate: 
    delete 
    from
        customer 
    where
        id=?
Hibernate: 
    select
        c1_0.id,
        c1_0.age,
        c1_0.email,
        c1_0.gender,
        c1_0.name 
    from
        customer c1_0 
    where
        c1_0.email=?
]]></system-out>
  </testcase>
</testsuite>