<?xml version="1.0" encoding="UTF-8"?>
<testsuite xmlns:xsi="http://www.w3.org/2001/XMLSchema-instance" xsi:noNamespaceSchemaLocation="https://maven.apache.org/surefire/maven-surefire-plugin/xsd/surefire-test-report-3.0.xsd" version="3.0" name="com.amigoes.fullstack.TestContainersTest" time="16.134" tests="1" errors="0" skipped="0" failures="0">
  <properties>
    <property name="java.specification.version" value="17"/>
    <property name="sun.jnu.encoding" value="UTF-8"/>
    <property name="java.class.path" value="/home/runner/work/testing-fullstack/testing-fullstack/backend/target/test-classes:/home/runner/work/testing-fullstack/testing-fullstack/backend/target/classes:/home/runner/.m2/repository/org/springframework/boot/spring-boot-starter-data-jdbc/3.1.2/spring-boot-starter-data-jdbc-3.1.2.jar:/home/runner/.m2/repository/org/springframework/boot/spring-boot-starter-jdbc/3.1.2/spring-boot-starter-jdbc-3.1.2.jar:/home/runner/.m2/repository/com/zaxxer/HikariCP/5.0.1/HikariCP-5.0.1.jar:/home/runner/.m2/repository/org/springframework/spring-jdbc/6.0.11/spring-jdbc-6.0.11.jar:/home/runner/.m2/repository/org/springframework/data/spring-data-jdbc/3.1.2/spring-data-jdbc-3.1.2.jar:/home/runner/.m2/repository/org/springframework/data/spring-data-relational/3.1.2/spring-data-relational-3.1.2.jar:/home/runner/.m2/repository/org/springframework/data/spring-data-commons/3.1.2/spring-data-commons-3.1.2.jar:/home/runner/.m2/repository/org/springframework/spring-tx/6.0.11/spring-tx-6.0.11.jar:/home/runner/.m2/repository/org/springframework/spring-context/6.0.11/spring-context-6.0.11.jar:/home/runner/.m2/repository/org/springframework/spring-beans/6.0.11/spring-beans-6.0.11.jar:/home/runner/.m2/repository/org/springframework/boot/spring-boot-starter-data-jpa/3.1.2/spring-boot-starter-data-jpa-3.1.2.jar:/home/runner/.m2/repository/org/springframework/boot/spring-boot-starter-aop/3.1.2/spring-boot-starter-aop-3.1.2.jar:/home/runner/.m2/repository/org/springframework/spring-aop/6.0.11/spring-aop-6.0.11.jar:/home/runner/.m2/repository/org/aspectj/aspectjweaver/1.9.19/aspectjweaver-1.9.19.jar:/home/runner/.m2/repository/org/hibernate/orm/hibernate-core/6.2.6.Final/hibernate-core-6.2.6.Final.jar:/home/runner/.m2/repository/jakarta/persistence/jakarta.persistence-api/3.1.0/jakarta.persistence-api-3.1.0.jar:/home/runner/.m2/repository/jakarta/transaction/jakarta.transaction-api/2.0.1/jakarta.transaction-api-2.0.1.jar:/home/runner/.m2/repository/org/jboss/logging/jboss-logging/3.5.3.Final/jboss-logging-3.5.3.Final.jar:/home/runner/.m2/repository/org/hibernate/common/hibernate-commons-annotations/6.0.6.Final/hibernate-commons-annotations-6.0.6.Final.jar:/home/runner/.m2/repository/io/smallrye/jandex/3.0.5/jandex-3.0.5.jar:/home/runner/.m2/repository/com/fasterxml/classmate/1.5.1/classmate-1.5.1.jar:/home/runner/.m2/repository/net/bytebuddy/byte-buddy/1.14.5/byte-buddy-1.14.5.jar:/home/runner/.m2/repository/org/glassfish/jaxb/jaxb-runtime/4.0.3/jaxb-runtime-4.0.3.jar:/home/runner/.m2/repository/org/glassfish/jaxb/jaxb-core/4.0.3/jaxb-core-4.0.3.jar:/home/runner/.m2/repository/org/eclipse/angus/angus-activation/2.0.1/angus-activation-2.0.1.jar:/home/runner/.m2/repository/org/glassfish/jaxb/txw2/4.0.3/txw2-4.0.3.jar:/home/runner/.m2/repository/com/sun/istack/istack-commons-runtime/4.1.2/istack-commons-runtime-4.1.2.jar:/home/runner/.m2/repository/jakarta/inject/jakarta.inject-api/2.0.1/jakarta.inject-api-2.0.1.jar:/home/runner/.m2/repository/org/antlr/antlr4-runtime/4.10.1/antlr4-runtime-4.10.1.jar:/home/runner/.m2/repository/org/springframework/data/spring-data-jpa/3.1.2/spring-data-jpa-3.1.2.jar:/home/runner/.m2/repository/org/springframework/spring-orm/6.0.11/spring-orm-6.0.11.jar:/home/runner/.m2/repository/jakarta/annotation/jakarta.annotation-api/2.1.1/jakarta.annotation-api-2.1.1.jar:/home/runner/.m2/repository/org/springframework/spring-aspects/6.0.11/spring-aspects-6.0.11.jar:/home/runner/.m2/repository/org/springframework/boot/spring-boot-starter-web/3.1.2/spring-boot-starter-web-3.1.2.jar:/home/runner/.m2/repository/org/springframework/boot/spring-boot-starter/3.1.2/spring-boot-starter-3.1.2.jar:/home/runner/.m2/repository/org/springframework/boot/spring-boot-starter-logging/3.1.2/spring-boot-starter-logging-3.1.2.jar:/home/runner/.m2/repository/ch/qos/logback/logback-classic/1.4.8/logback-classic-1.4.8.jar:/home/runner/.m2/repository/ch/qos/logback/logback-core/1.4.8/logback-core-1.4.8.jar:/home/runner/.m2/repository/org/apache/logging/log4j/log4j-to-slf4j/2.20.0/log4j-to-slf4j-2.20.0.jar:/home/runner/.m2/repository/org/apache/logging/log4j/log4j-api/2.20.0/log4j-api-2.20.0.jar:/home/runner/.m2/repository/org/slf4j/jul-to-slf4j/2.0.7/jul-to-slf4j-2.0.7.jar:/home/runner/.m2/repository/org/yaml/snakeyaml/1.33/snakeyaml-1.33.jar:/home/runner/.m2/repository/org/springframework/boot/spring-boot-starter-json/3.1.2/spring-boot-starter-json-3.1.2.jar:/home/runner/.m2/repository/com/fasterxml/jackson/datatype/jackson-datatype-jdk8/2.15.2/jackson-datatype-jdk8-2.15.2.jar:/home/runner/.m2/repository/com/fasterxml/jackson/datatype/jackson-datatype-jsr310/2.15.2/jackson-datatype-jsr310-2.15.2.jar:/home/runner/.m2/repository/org/springframework/boot/spring-boot-starter-tomcat/3.1.2/spring-boot-starter-tomcat-3.1.2.jar:/home/runner/.m2/repository/org/apache/tomcat/embed/tomcat-embed-core/10.1.11/tomcat-embed-core-10.1.11.jar:/home/runner/.m2/repository/org/apache/tomcat/embed/tomcat-embed-el/10.1.11/tomcat-embed-el-10.1.11.jar:/home/runner/.m2/repository/org/apache/tomcat/embed/tomcat-embed-websocket/10.1.11/tomcat-embed-websocket-10.1.11.jar:/home/runner/.m2/repository/org/springframework/spring-web/6.0.11/spring-web-6.0.11.jar:/home/runner/.m2/repository/io/micrometer/micrometer-observation/1.11.2/micrometer-observation-1.11.2.jar:/home/runner/.m2/repository/io/micrometer/micrometer-commons/1.11.2/micrometer-commons-1.11.2.jar:/home/runner/.m2/repository/org/springframework/spring-webmvc/6.0.11/spring-webmvc-6.0.11.jar:/home/runner/.m2/repository/org/springframework/spring-expression/6.0.11/spring-expression-6.0.11.jar:/home/runner/.m2/repository/org/postgresql/postgresql/42.6.0/postgresql-42.6.0.jar:/home/runner/.m2/repository/org/checkerframework/checker-qual/3.31.0/checker-qual-3.31.0.jar:/home/runner/.m2/repository/org/flywaydb/flyway-core/9.16.3/flyway-core-9.16.3.jar:/home/runner/.m2/repository/com/fasterxml/jackson/dataformat/jackson-dataformat-toml/2.15.2/jackson-dataformat-toml-2.15.2.jar:/home/runner/.m2/repository/com/fasterxml/jackson/core/jackson-core/2.15.2/jackson-core-2.15.2.jar:/home/runner/.m2/repository/org/apache/commons/commons-text/1.10.0/commons-text-1.10.0.jar:/home/runner/.m2/repository/org/springframework/boot/spring-boot-devtools/3.1.2/spring-boot-devtools-3.1.2.jar:/home/runner/.m2/repository/org/springframework/boot/spring-boot/3.1.2/spring-boot-3.1.2.jar:/home/runner/.m2/repository/org/springframework/boot/spring-boot-autoconfigure/3.1.2/spring-boot-autoconfigure-3.1.2.jar:/home/runner/.m2/repository/org/springframework/boot/spring-boot-starter-webflux/3.1.2/spring-boot-starter-webflux-3.1.2.jar:/home/runner/.m2/repository/org/springframework/boot/spring-boot-starter-reactor-netty/3.1.2/spring-boot-starter-reactor-netty-3.1.2.jar:/home/runner/.m2/repository/io/projectreactor/netty/reactor-netty-http/1.1.9/reactor-netty-http-1.1.9.jar:/home/runner/.m2/repository/io/netty/netty-codec-http/4.1.94.Final/netty-codec-http-4.1.94.Final.jar:/home/runner/.m2/repository/io/netty/netty-common/4.1.94.Final/netty-common-4.1.94.Final.jar:/home/runner/.m2/repository/io/netty/netty-buffer/4.1.94.Final/netty-buffer-4.1.94.Final.jar:/home/runner/.m2/repository/io/netty/netty-transport/4.1.94.Final/netty-transport-4.1.94.Final.jar:/home/runner/.m2/repository/io/netty/netty-codec/4.1.94.Final/netty-codec-4.1.94.Final.jar:/home/runner/.m2/repository/io/netty/netty-handler/4.1.94.Final/netty-handler-4.1.94.Final.jar:/home/runner/.m2/repository/io/netty/netty-codec-http2/4.1.94.Final/netty-codec-http2-4.1.94.Final.jar:/home/runner/.m2/repository/io/netty/netty-resolver-dns/4.1.94.Final/netty-resolver-dns-4.1.94.Final.jar:/home/runner/.m2/repository/io/netty/netty-resolver/4.1.94.Final/netty-resolver-4.1.94.Final.jar:/home/runner/.m2/repository/io/netty/netty-codec-dns/4.1.94.Final/netty-codec-dns-4.1.94.Final.jar:/home/runner/.m2/repository/io/netty/netty-resolver-dns-native-macos/4.1.94.Final/netty-resolver-dns-native-macos-4.1.94.Final-osx-x86_64.jar:/home/runner/.m2/repository/io/netty/netty-resolver-dns-classes-macos/4.1.94.Final/netty-resolver-dns-classes-macos-4.1.94.Final.jar:/home/runner/.m2/repository/io/netty/netty-transport-native-epoll/4.1.94.Final/netty-transport-native-epoll-4.1.94.Final-linux-x86_64.jar:/home/runner/.m2/repository/io/netty/netty-transport-native-unix-common/4.1.94.Final/netty-transport-native-unix-common-4.1.94.Final.jar:/home/runner/.m2/repository/io/netty/netty-transport-classes-epoll/4.1.94.Final/netty-transport-classes-epoll-4.1.94.Final.jar:/home/runner/.m2/repository/io/projectreactor/netty/reactor-netty-core/1.1.9/reactor-netty-core-1.1.9.jar:/home/runner/.m2/repository/io/netty/netty-handler-proxy/4.1.94.Final/netty-handler-proxy-4.1.94.Final.jar:/home/runner/.m2/repository/io/netty/netty-codec-socks/4.1.94.Final/netty-codec-socks-4.1.94.Final.jar:/home/runner/.m2/repository/org/springframework/spring-webflux/6.0.11/spring-webflux-6.0.11.jar:/home/runner/.m2/repository/io/projectreactor/reactor-core/3.5.8/reactor-core-3.5.8.jar:/home/runner/.m2/repository/org/reactivestreams/reactive-streams/1.0.4/reactive-streams-1.0.4.jar:/home/runner/.m2/repository/org/springframework/boot/spring-boot-starter-test/3.1.2/spring-boot-starter-test-3.1.2.jar:/home/runner/.m2/repository/org/springframework/boot/spring-boot-test/3.1.2/spring-boot-test-3.1.2.jar:/home/runner/.m2/repository/org/springframework/boot/spring-boot-test-autoconfigure/3.1.2/spring-boot-test-autoconfigure-3.1.2.jar:/home/runner/.m2/repository/com/jayway/jsonpath/json-path/2.8.0/json-path-2.8.0.jar:/home/runner/.m2/repository/jakarta/xml/bind/jakarta.xml.bind-api/4.0.0/jakarta.xml.bind-api-4.0.0.jar:/home/runner/.m2/repository/jakarta/activation/jakarta.activation-api/2.1.2/jakarta.activation-api-2.1.2.jar:/home/runner/.m2/repository/net/minidev/json-smart/2.4.11/json-smart-2.4.11.jar:/home/runner/.m2/repository/net/minidev/accessors-smart/2.4.11/accessors-smart-2.4.11.jar:/home/runner/.m2/repository/org/ow2/asm/asm/9.3/asm-9.3.jar:/home/runner/.m2/repository/org/assertj/assertj-core/3.24.2/assertj-core-3.24.2.jar:/home/runner/.m2/repository/org/hamcrest/hamcrest/2.2/hamcrest-2.2.jar:/home/runner/.m2/repository/org/junit/jupiter/junit-jupiter/5.9.3/junit-jupiter-5.9.3.jar:/home/runner/.m2/repository/org/junit/jupiter/junit-jupiter-params/5.9.3/junit-jupiter-params-5.9.3.jar:/home/runner/.m2/repository/org/junit/jupiter/junit-jupiter-engine/5.9.3/junit-jupiter-engine-5.9.3.jar:/home/runner/.m2/repository/org/junit/platform/junit-platform-engine/1.9.3/junit-platform-engine-1.9.3.jar:/home/runner/.m2/repository/org/mockito/mockito-core/5.3.1/mockito-core-5.3.1.jar:/home/runner/.m2/repository/net/bytebuddy/byte-buddy-agent/1.14.5/byte-buddy-agent-1.14.5.jar:/home/runner/.m2/repository/org/objenesis/objenesis/3.3/objenesis-3.3.jar:/home/runner/.m2/repository/org/mockito/mockito-junit-jupiter/5.3.1/mockito-junit-jupiter-5.3.1.jar:/home/runner/.m2/repository/org/skyscreamer/jsonassert/1.5.1/jsonassert-1.5.1.jar:/home/runner/.m2/repository/com/vaadin/external/google/android-json/0.0.20131108.vaadin1/android-json-0.0.20131108.vaadin1.jar:/home/runner/.m2/repository/org/springframework/spring-core/6.0.11/spring-core-6.0.11.jar:/home/runner/.m2/repository/org/springframework/spring-jcl/6.0.11/spring-jcl-6.0.11.jar:/home/runner/.m2/repository/org/springframework/spring-test/6.0.11/spring-test-6.0.11.jar:/home/runner/.m2/repository/org/xmlunit/xmlunit-core/2.9.1/xmlunit-core-2.9.1.jar:/home/runner/.m2/repository/org/springframework/boot/spring-boot-docker-compose/3.1.2/spring-boot-docker-compose-3.1.2.jar:/home/runner/.m2/repository/com/fasterxml/jackson/core/jackson-databind/2.15.2/jackson-databind-2.15.2.jar:/home/runner/.m2/repository/com/fasterxml/jackson/core/jackson-annotations/2.15.2/jackson-annotations-2.15.2.jar:/home/runner/.m2/repository/com/fasterxml/jackson/module/jackson-module-parameter-names/2.15.2/jackson-module-parameter-names-2.15.2.jar:/home/runner/.m2/repository/org/springframework/boot/spring-boot-testcontainers/3.1.2/spring-boot-testcontainers-3.1.2.jar:/home/runner/.m2/repository/com/github/javafaker/javafaker/1.0.2/javafaker-1.0.2.jar:/home/runner/.m2/repository/org/apache/commons/commons-lang3/3.12.0/commons-lang3-3.12.0.jar:/home/runner/.m2/repository/org/yaml/snakeyaml/1.23/snakeyaml-1.23-android.jar:/home/runner/.m2/repository/com/github/mifmif/generex/1.0.2/generex-1.0.2.jar:/home/runner/.m2/repository/dk/brics/automaton/automaton/1.11-8/automaton-1.11-8.jar:/home/runner/.m2/repository/org/testcontainers/junit-jupiter/1.17.6/junit-jupiter-1.17.6.jar:/home/runner/.m2/repository/org/junit/jupiter/junit-jupiter-api/5.9.3/junit-jupiter-api-5.9.3.jar:/home/runner/.m2/repository/org/opentest4j/opentest4j/1.2.0/opentest4j-1.2.0.jar:/home/runner/.m2/repository/org/junit/platform/junit-platform-commons/1.9.3/junit-platform-commons-1.9.3.jar:/home/runner/.m2/repository/org/apiguardian/apiguardian-api/1.1.2/apiguardian-api-1.1.2.jar:/home/runner/.m2/repository/org/testcontainers/testcontainers/1.17.6/testcontainers-1.17.6.jar:/home/runner/.m2/repository/junit/junit/4.13.2/junit-4.13.2.jar:/home/runner/.m2/repository/org/hamcrest/hamcrest-core/2.2/hamcrest-core-2.2.jar:/home/runner/.m2/repository/org/slf4j/slf4j-api/2.0.7/slf4j-api-2.0.7.jar:/home/runner/.m2/repository/org/apache/commons/commons-compress/1.22/commons-compress-1.22.jar:/home/runner/.m2/repository/org/rnorth/duct-tape/duct-tape/1.0.8/duct-tape-1.0.8.jar:/home/runner/.m2/repository/org/jetbrains/annotations/17.0.0/annotations-17.0.0.jar:/home/runner/.m2/repository/com/github/docker-java/docker-java-api/3.2.13/docker-java-api-3.2.13.jar:/home/runner/.m2/repository/com/github/docker-java/docker-java-transport-zerodep/3.2.13/docker-java-transport-zerodep-3.2.13.jar:/home/runner/.m2/repository/com/github/docker-java/docker-java-transport/3.2.13/docker-java-transport-3.2.13.jar:/home/runner/.m2/repository/net/java/dev/jna/jna/5.8.0/jna-5.8.0.jar:/home/runner/.m2/repository/org/testcontainers/postgresql/1.18.3/postgresql-1.18.3.jar:/home/runner/.m2/repository/org/testcontainers/jdbc/1.18.3/jdbc-1.18.3.jar:/home/runner/.m2/repository/org/testcontainers/database-commons/1.18.3/database-commons-1.18.3.jar:"/>
    <property name="java.vm.vendor" value="Eclipse Adoptium"/>
    <property name="sun.arch.data.model" value="64"/>
    <property name="java.vendor.url" value="https://adoptium.net/"/>
    <property name="user.timezone" value="Etc/UTC"/>
    <property name="os.name" value="Linux"/>
    <property name="java.vm.specification.version" value="17"/>
    <property name="sun.java.launcher" value="SUN_STANDARD"/>
    <property name="sun.boot.library.path" value="/usr/lib/jvm/temurin-17-jdk-amd64/lib"/>
    <property name="sun.java.command" value="/home/runner/work/testing-fullstack/testing-fullstack/backend/target/surefire/surefirebooter-20231004050249016_3.jar /home/runner/work/testing-fullstack/testing-fullstack/backend/target/surefire 2023-10-04T05-02-48_938-jvmRun1 surefire-20231004050249016_1tmp surefire_0-20231004050249016_2tmp"/>
    <property name="jdk.debug" value="release"/>
    <property name="surefire.test.class.path" value="/home/runner/work/testing-fullstack/testing-fullstack/backend/target/test-classes:/home/runner/work/testing-fullstack/testing-fullstack/backend/target/classes:/home/runner/.m2/repository/org/springframework/boot/spring-boot-starter-data-jdbc/3.1.2/spring-boot-starter-data-jdbc-3.1.2.jar:/home/runner/.m2/repository/org/springframework/boot/spring-boot-starter-jdbc/3.1.2/spring-boot-starter-jdbc-3.1.2.jar:/home/runner/.m2/repository/com/zaxxer/HikariCP/5.0.1/HikariCP-5.0.1.jar:/home/runner/.m2/repository/org/springframework/spring-jdbc/6.0.11/spring-jdbc-6.0.11.jar:/home/runner/.m2/repository/org/springframework/data/spring-data-jdbc/3.1.2/spring-data-jdbc-3.1.2.jar:/home/runner/.m2/repository/org/springframework/data/spring-data-relational/3.1.2/spring-data-relational-3.1.2.jar:/home/runner/.m2/repository/org/springframework/data/spring-data-commons/3.1.2/spring-data-commons-3.1.2.jar:/home/runner/.m2/repository/org/springframework/spring-tx/6.0.11/spring-tx-6.0.11.jar:/home/runner/.m2/repository/org/springframework/spring-context/6.0.11/spring-context-6.0.11.jar:/home/runner/.m2/repository/org/springframework/spring-beans/6.0.11/spring-beans-6.0.11.jar:/home/runner/.m2/repository/org/springframework/boot/spring-boot-starter-data-jpa/3.1.2/spring-boot-starter-data-jpa-3.1.2.jar:/home/runner/.m2/repository/org/springframework/boot/spring-boot-starter-aop/3.1.2/spring-boot-starter-aop-3.1.2.jar:/home/runner/.m2/repository/org/springframework/spring-aop/6.0.11/spring-aop-6.0.11.jar:/home/runner/.m2/repository/org/aspectj/aspectjweaver/1.9.19/aspectjweaver-1.9.19.jar:/home/runner/.m2/repository/org/hibernate/orm/hibernate-core/6.2.6.Final/hibernate-core-6.2.6.Final.jar:/home/runner/.m2/repository/jakarta/persistence/jakarta.persistence-api/3.1.0/jakarta.persistence-api-3.1.0.jar:/home/runner/.m2/repository/jakarta/transaction/jakarta.transaction-api/2.0.1/jakarta.transaction-api-2.0.1.jar:/home/runner/.m2/repository/org/jboss/logging/jboss-logging/3.5.3.Final/jboss-logging-3.5.3.Final.jar:/home/runner/.m2/repository/org/hibernate/common/hibernate-commons-annotations/6.0.6.Final/hibernate-commons-annotations-6.0.6.Final.jar:/home/runner/.m2/repository/io/smallrye/jandex/3.0.5/jandex-3.0.5.jar:/home/runner/.m2/repository/com/fasterxml/classmate/1.5.1/classmate-1.5.1.jar:/home/runner/.m2/repository/net/bytebuddy/byte-buddy/1.14.5/byte-buddy-1.14.5.jar:/home/runner/.m2/repository/org/glassfish/jaxb/jaxb-runtime/4.0.3/jaxb-runtime-4.0.3.jar:/home/runner/.m2/repository/org/glassfish/jaxb/jaxb-core/4.0.3/jaxb-core-4.0.3.jar:/home/runner/.m2/repository/org/eclipse/angus/angus-activation/2.0.1/angus-activation-2.0.1.jar:/home/runner/.m2/repository/org/glassfish/jaxb/txw2/4.0.3/txw2-4.0.3.jar:/home/runner/.m2/repository/com/sun/istack/istack-commons-runtime/4.1.2/istack-commons-runtime-4.1.2.jar:/home/runner/.m2/repository/jakarta/inject/jakarta.inject-api/2.0.1/jakarta.inject-api-2.0.1.jar:/home/runner/.m2/repository/org/antlr/antlr4-runtime/4.10.1/antlr4-runtime-4.10.1.jar:/home/runner/.m2/repository/org/springframework/data/spring-data-jpa/3.1.2/spring-data-jpa-3.1.2.jar:/home/runner/.m2/repository/org/springframework/spring-orm/6.0.11/spring-orm-6.0.11.jar:/home/runner/.m2/repository/jakarta/annotation/jakarta.annotation-api/2.1.1/jakarta.annotation-api-2.1.1.jar:/home/runner/.m2/repository/org/springframework/spring-aspects/6.0.11/spring-aspects-6.0.11.jar:/home/runner/.m2/repository/org/springframework/boot/spring-boot-starter-web/3.1.2/spring-boot-starter-web-3.1.2.jar:/home/runner/.m2/repository/org/springframework/boot/spring-boot-starter/3.1.2/spring-boot-starter-3.1.2.jar:/home/runner/.m2/repository/org/springframework/boot/spring-boot-starter-logging/3.1.2/spring-boot-starter-logging-3.1.2.jar:/home/runner/.m2/repository/ch/qos/logback/logback-classic/1.4.8/logback-classic-1.4.8.jar:/home/runner/.m2/repository/ch/qos/logback/logback-core/1.4.8/logback-core-1.4.8.jar:/home/runner/.m2/repository/org/apache/logging/log4j/log4j-to-slf4j/2.20.0/log4j-to-slf4j-2.20.0.jar:/home/runner/.m2/repository/org/apache/logging/log4j/log4j-api/2.20.0/log4j-api-2.20.0.jar:/home/runner/.m2/repository/org/slf4j/jul-to-slf4j/2.0.7/jul-to-slf4j-2.0.7.jar:/home/runner/.m2/repository/org/yaml/snakeyaml/1.33/snakeyaml-1.33.jar:/home/runner/.m2/repository/org/springframework/boot/spring-boot-starter-json/3.1.2/spring-boot-starter-json-3.1.2.jar:/home/runner/.m2/repository/com/fasterxml/jackson/datatype/jackson-datatype-jdk8/2.15.2/jackson-datatype-jdk8-2.15.2.jar:/home/runner/.m2/repository/com/fasterxml/jackson/datatype/jackson-datatype-jsr310/2.15.2/jackson-datatype-jsr310-2.15.2.jar:/home/runner/.m2/repository/org/springframework/boot/spring-boot-starter-tomcat/3.1.2/spring-boot-starter-tomcat-3.1.2.jar:/home/runner/.m2/repository/org/apache/tomcat/embed/tomcat-embed-core/10.1.11/tomcat-embed-core-10.1.11.jar:/home/runner/.m2/repository/org/apache/tomcat/embed/tomcat-embed-el/10.1.11/tomcat-embed-el-10.1.11.jar:/home/runner/.m2/repository/org/apache/tomcat/embed/tomcat-embed-websocket/10.1.11/tomcat-embed-websocket-10.1.11.jar:/home/runner/.m2/repository/org/springframework/spring-web/6.0.11/spring-web-6.0.11.jar:/home/runner/.m2/repository/io/micrometer/micrometer-observation/1.11.2/micrometer-observation-1.11.2.jar:/home/runner/.m2/repository/io/micrometer/micrometer-commons/1.11.2/micrometer-commons-1.11.2.jar:/home/runner/.m2/repository/org/springframework/spring-webmvc/6.0.11/spring-webmvc-6.0.11.jar:/home/runner/.m2/repository/org/springframework/spring-expression/6.0.11/spring-expression-6.0.11.jar:/home/runner/.m2/repository/org/postgresql/postgresql/42.6.0/postgresql-42.6.0.jar:/home/runner/.m2/repository/org/checkerframework/checker-qual/3.31.0/checker-qual-3.31.0.jar:/home/runner/.m2/repository/org/flywaydb/flyway-core/9.16.3/flyway-core-9.16.3.jar:/home/runner/.m2/repository/com/fasterxml/jackson/dataformat/jackson-dataformat-toml/2.15.2/jackson-dataformat-toml-2.15.2.jar:/home/runner/.m2/repository/com/fasterxml/jackson/core/jackson-core/2.15.2/jackson-core-2.15.2.jar:/home/runner/.m2/repository/org/apache/commons/commons-text/1.10.0/commons-text-1.10.0.jar:/home/runner/.m2/repository/org/springframework/boot/spring-boot-devtools/3.1.2/spring-boot-devtools-3.1.2.jar:/home/runner/.m2/repository/org/springframework/boot/spring-boot/3.1.2/spring-boot-3.1.2.jar:/home/runner/.m2/repository/org/springframework/boot/spring-boot-autoconfigure/3.1.2/spring-boot-autoconfigure-3.1.2.jar:/home/runner/.m2/repository/org/springframework/boot/spring-boot-starter-webflux/3.1.2/spring-boot-starter-webflux-3.1.2.jar:/home/runner/.m2/repository/org/springframework/boot/spring-boot-starter-reactor-netty/3.1.2/spring-boot-starter-reactor-netty-3.1.2.jar:/home/runner/.m2/repository/io/projectreactor/netty/reactor-netty-http/1.1.9/reactor-netty-http-1.1.9.jar:/home/runner/.m2/repository/io/netty/netty-codec-http/4.1.94.Final/netty-codec-http-4.1.94.Final.jar:/home/runner/.m2/repository/io/netty/netty-common/4.1.94.Final/netty-common-4.1.94.Final.jar:/home/runner/.m2/repository/io/netty/netty-buffer/4.1.94.Final/netty-buffer-4.1.94.Final.jar:/home/runner/.m2/repository/io/netty/netty-transport/4.1.94.Final/netty-transport-4.1.94.Final.jar:/home/runner/.m2/repository/io/netty/netty-codec/4.1.94.Final/netty-codec-4.1.94.Final.jar:/home/runner/.m2/repository/io/netty/netty-handler/4.1.94.Final/netty-handler-4.1.94.Final.jar:/home/runner/.m2/repository/io/netty/netty-codec-http2/4.1.94.Final/netty-codec-http2-4.1.94.Final.jar:/home/runner/.m2/repository/io/netty/netty-resolver-dns/4.1.94.Final/netty-resolver-dns-4.1.94.Final.jar:/home/runner/.m2/repository/io/netty/netty-resolver/4.1.94.Final/netty-resolver-4.1.94.Final.jar:/home/runner/.m2/repository/io/netty/netty-codec-dns/4.1.94.Final/netty-codec-dns-4.1.94.Final.jar:/home/runner/.m2/repository/io/netty/netty-resolver-dns-native-macos/4.1.94.Final/netty-resolver-dns-native-macos-4.1.94.Final-osx-x86_64.jar:/home/runner/.m2/repository/io/netty/netty-resolver-dns-classes-macos/4.1.94.Final/netty-resolver-dns-classes-macos-4.1.94.Final.jar:/home/runner/.m2/repository/io/netty/netty-transport-native-epoll/4.1.94.Final/netty-transport-native-epoll-4.1.94.Final-linux-x86_64.jar:/home/runner/.m2/repository/io/netty/netty-transport-native-unix-common/4.1.94.Final/netty-transport-native-unix-common-4.1.94.Final.jar:/home/runner/.m2/repository/io/netty/netty-transport-classes-epoll/4.1.94.Final/netty-transport-classes-epoll-4.1.94.Final.jar:/home/runner/.m2/repository/io/projectreactor/netty/reactor-netty-core/1.1.9/reactor-netty-core-1.1.9.jar:/home/runner/.m2/repository/io/netty/netty-handler-proxy/4.1.94.Final/netty-handler-proxy-4.1.94.Final.jar:/home/runner/.m2/repository/io/netty/netty-codec-socks/4.1.94.Final/netty-codec-socks-4.1.94.Final.jar:/home/runner/.m2/repository/org/springframework/spring-webflux/6.0.11/spring-webflux-6.0.11.jar:/home/runner/.m2/repository/io/projectreactor/reactor-core/3.5.8/reactor-core-3.5.8.jar:/home/runner/.m2/repository/org/reactivestreams/reactive-streams/1.0.4/reactive-streams-1.0.4.jar:/home/runner/.m2/repository/org/springframework/boot/spring-boot-starter-test/3.1.2/spring-boot-starter-test-3.1.2.jar:/home/runner/.m2/repository/org/springframework/boot/spring-boot-test/3.1.2/spring-boot-test-3.1.2.jar:/home/runner/.m2/repository/org/springframework/boot/spring-boot-test-autoconfigure/3.1.2/spring-boot-test-autoconfigure-3.1.2.jar:/home/runner/.m2/repository/com/jayway/jsonpath/json-path/2.8.0/json-path-2.8.0.jar:/home/runner/.m2/repository/jakarta/xml/bind/jakarta.xml.bind-api/4.0.0/jakarta.xml.bind-api-4.0.0.jar:/home/runner/.m2/repository/jakarta/activation/jakarta.activation-api/2.1.2/jakarta.activation-api-2.1.2.jar:/home/runner/.m2/repository/net/minidev/json-smart/2.4.11/json-smart-2.4.11.jar:/home/runner/.m2/repository/net/minidev/accessors-smart/2.4.11/accessors-smart-2.4.11.jar:/home/runner/.m2/repository/org/ow2/asm/asm/9.3/asm-9.3.jar:/home/runner/.m2/repository/org/assertj/assertj-core/3.24.2/assertj-core-3.24.2.jar:/home/runner/.m2/repository/org/hamcrest/hamcrest/2.2/hamcrest-2.2.jar:/home/runner/.m2/repository/org/junit/jupiter/junit-jupiter/5.9.3/junit-jupiter-5.9.3.jar:/home/runner/.m2/repository/org/junit/jupiter/junit-jupiter-params/5.9.3/junit-jupiter-params-5.9.3.jar:/home/runner/.m2/repository/org/junit/jupiter/junit-jupiter-engine/5.9.3/junit-jupiter-engine-5.9.3.jar:/home/runner/.m2/repository/org/junit/platform/junit-platform-engine/1.9.3/junit-platform-engine-1.9.3.jar:/home/runner/.m2/repository/org/mockito/mockito-core/5.3.1/mockito-core-5.3.1.jar:/home/runner/.m2/repository/net/bytebuddy/byte-buddy-agent/1.14.5/byte-buddy-agent-1.14.5.jar:/home/runner/.m2/repository/org/objenesis/objenesis/3.3/objenesis-3.3.jar:/home/runner/.m2/repository/org/mockito/mockito-junit-jupiter/5.3.1/mockito-junit-jupiter-5.3.1.jar:/home/runner/.m2/repository/org/skyscreamer/jsonassert/1.5.1/jsonassert-1.5.1.jar:/home/runner/.m2/repository/com/vaadin/external/google/android-json/0.0.20131108.vaadin1/android-json-0.0.20131108.vaadin1.jar:/home/runner/.m2/repository/org/springframework/spring-core/6.0.11/spring-core-6.0.11.jar:/home/runner/.m2/repository/org/springframework/spring-jcl/6.0.11/spring-jcl-6.0.11.jar:/home/runner/.m2/repository/org/springframework/spring-test/6.0.11/spring-test-6.0.11.jar:/home/runner/.m2/repository/org/xmlunit/xmlunit-core/2.9.1/xmlunit-core-2.9.1.jar:/home/runner/.m2/repository/org/springframework/boot/spring-boot-docker-compose/3.1.2/spring-boot-docker-compose-3.1.2.jar:/home/runner/.m2/repository/com/fasterxml/jackson/core/jackson-databind/2.15.2/jackson-databind-2.15.2.jar:/home/runner/.m2/repository/com/fasterxml/jackson/core/jackson-annotations/2.15.2/jackson-annotations-2.15.2.jar:/home/runner/.m2/repository/com/fasterxml/jackson/module/jackson-module-parameter-names/2.15.2/jackson-module-parameter-names-2.15.2.jar:/home/runner/.m2/repository/org/springframework/boot/spring-boot-testcontainers/3.1.2/spring-boot-testcontainers-3.1.2.jar:/home/runner/.m2/repository/com/github/javafaker/javafaker/1.0.2/javafaker-1.0.2.jar:/home/runner/.m2/repository/org/apache/commons/commons-lang3/3.12.0/commons-lang3-3.12.0.jar:/home/runner/.m2/repository/org/yaml/snakeyaml/1.23/snakeyaml-1.23-android.jar:/home/runner/.m2/repository/com/github/mifmif/generex/1.0.2/generex-1.0.2.jar:/home/runner/.m2/repository/dk/brics/automaton/automaton/1.11-8/automaton-1.11-8.jar:/home/runner/.m2/repository/org/testcontainers/junit-jupiter/1.17.6/junit-jupiter-1.17.6.jar:/home/runner/.m2/repository/org/junit/jupiter/junit-jupiter-api/5.9.3/junit-jupiter-api-5.9.3.jar:/home/runner/.m2/repository/org/opentest4j/opentest4j/1.2.0/opentest4j-1.2.0.jar:/home/runner/.m2/repository/org/junit/platform/junit-platform-commons/1.9.3/junit-platform-commons-1.9.3.jar:/home/runner/.m2/repository/org/apiguardian/apiguardian-api/1.1.2/apiguardian-api-1.1.2.jar:/home/runner/.m2/repository/org/testcontainers/testcontainers/1.17.6/testcontainers-1.17.6.jar:/home/runner/.m2/repository/junit/junit/4.13.2/junit-4.13.2.jar:/home/runner/.m2/repository/org/hamcrest/hamcrest-core/2.2/hamcrest-core-2.2.jar:/home/runner/.m2/repository/org/slf4j/slf4j-api/2.0.7/slf4j-api-2.0.7.jar:/home/runner/.m2/repository/org/apache/commons/commons-compress/1.22/commons-compress-1.22.jar:/home/runner/.m2/repository/org/rnorth/duct-tape/duct-tape/1.0.8/duct-tape-1.0.8.jar:/home/runner/.m2/repository/org/jetbrains/annotations/17.0.0/annotations-17.0.0.jar:/home/runner/.m2/repository/com/github/docker-java/docker-java-api/3.2.13/docker-java-api-3.2.13.jar:/home/runner/.m2/repository/com/github/docker-java/docker-java-transport-zerodep/3.2.13/docker-java-transport-zerodep-3.2.13.jar:/home/runner/.m2/repository/com/github/docker-java/docker-java-transport/3.2.13/docker-java-transport-3.2.13.jar:/home/runner/.m2/repository/net/java/dev/jna/jna/5.8.0/jna-5.8.0.jar:/home/runner/.m2/repository/org/testcontainers/postgresql/1.18.3/postgresql-1.18.3.jar:/home/runner/.m2/repository/org/testcontainers/jdbc/1.18.3/jdbc-1.18.3.jar:/home/runner/.m2/repository/org/testcontainers/database-commons/1.18.3/database-commons-1.18.3.jar:"/>
    <property name="sun.cpu.endian" value="little"/>
    <property name="user.home" value="/home/runner"/>
    <property name="user.language" value="en"/>
    <property name="java.specification.vendor" value="Oracle Corporation"/>
    <property name="java.version.date" value="2023-08-24"/>
    <property name="java.home" value="/usr/lib/jvm/temurin-17-jdk-amd64"/>
    <property name="file.separator" value="/"/>
    <property name="basedir" value="/home/runner/work/testing-fullstack/testing-fullstack/backend"/>
    <property name="java.vm.compressedOopsMode" value="32-bit"/>
    <property name="line.separator" value="&#10;"/>
    <property name="java.specification.name" value="Java Platform API Specification"/>
    <property name="java.vm.specification.vendor" value="Oracle Corporation"/>
    <property name="surefire.real.class.path" value="/home/runner/work/testing-fullstack/testing-fullstack/backend/target/surefire/surefirebooter-20231004050249016_3.jar"/>
    <property name="sun.management.compiler" value="HotSpot 64-Bit Tiered Compilers"/>
    <property name="java.runtime.version" value="17.0.8.1+1"/>
    <property name="user.name" value="runner"/>
    <property name="path.separator" value=":"/>
    <property name="os.version" value="6.2.0-1012-azure"/>
    <property name="java.runtime.name" value="OpenJDK Runtime Environment"/>
    <property name="file.encoding" value="UTF-8"/>
    <property name="jnidispatch.path" value="/home/runner/.cache/JNA/temp/jna3595586512888030254.tmp"/>
    <property name="java.vm.name" value="OpenJDK 64-Bit Server VM"/>
    <property name="jna.platform.library.path" value="/usr/lib/x86_64-linux-gnu:/lib/x86_64-linux-gnu:/usr/lib64:/lib64:/usr/lib:/lib:/lib32:/usr/local/lib:/usr/lib/x86_64-linux-gnu/libfakeroot"/>
    <property name="java.vendor.version" value="Temurin-17.0.8.1+1"/>
    <property name="localRepository" value="/home/runner/.m2/repository"/>
    <property name="jna.loaded" value="true"/>
    <property name="java.vendor.url.bug" value="https://github.com/adoptium/adoptium-support/issues"/>
    <property name="java.io.tmpdir" value="/tmp"/>
    <property name="docker.image.tag" value="04.10.2023.05.02.43"/>
    <property name="java.version" value="17.0.8.1"/>
    <property name="user.dir" value="/home/runner/work/testing-fullstack/testing-fullstack/backend"/>
    <property name="os.arch" value="amd64"/>
    <property name="java.vm.specification.name" value="Java Virtual Machine Specification"/>
    <property name="native.encoding" value="UTF-8"/>
    <property name="java.library.path" value="/usr/java/packages/lib:/usr/lib64:/lib64:/lib:/usr/lib"/>
    <property name="java.vm.info" value="mixed mode, sharing"/>
    <property name="java.vendor" value="Eclipse Adoptium"/>
    <property name="java.vm.version" value="17.0.8.1+1"/>
    <property name="sun.io.unicode.encoding" value="UnicodeLittle"/>
    <property name="java.class.version" value="61.0"/>
  </properties>
  <testcase name="canStartPostgresDB" classname="com.amigoes.fullstack.TestContainersTest" time="0.07">
    <system-out><![CDATA[05:02:50.066 [main] WARN org.testcontainers.utility.TestcontainersConfiguration -- Attempted to read Testcontainers configuration file at file:/home/runner/.testcontainers.properties but the file was not found. Exception message: FileNotFoundException: /home/runner/.testcontainers.properties (No such file or directory)
05:02:50.076 [main] INFO org.testcontainers.utility.ImageNameSubstitutor -- Image name substitution will be performed by: DefaultImageNameSubstitutor (composite of 'ConfigurationFileImageNameSubstitutor' and 'PrefixingImageNameSubstitutor')
05:02:50.676 [main] INFO org.testcontainers.dockerclient.DockerClientProviderStrategy -- Found Docker environment with local Unix socket (unix:///var/run/docker.sock)
05:02:50.684 [main] INFO org.testcontainers.DockerClientFactory -- Docker host IP address is localhost
05:02:50.703 [main] INFO org.testcontainers.DockerClientFactory -- Connected to docker: 
  Server Version: 24.0.6
  API Version: 1.43
  Operating System: Ubuntu 22.04.3 LTS
  Total Memory: 6921 MB
05:02:50.759 [main] INFO 🐳 [testcontainers/ryuk:0.3.4] -- Pulling docker image: testcontainers/ryuk:0.3.4. Please be patient; this may take some time but only needs to be done once.
05:02:51.812 [docker-java-stream-676711754] INFO 🐳 [testcontainers/ryuk:0.3.4] -- Starting to pull image
05:02:51.832 [docker-java-stream-676711754] INFO 🐳 [testcontainers/ryuk:0.3.4] -- Pulling image layers:  0 pending,  0 downloaded,  0 extracted, (0 bytes/0 bytes)
05:02:52.366 [docker-java-stream-676711754] INFO 🐳 [testcontainers/ryuk:0.3.4] -- Pulling image layers:  2 pending,  1 downloaded,  0 extracted, (2 MB/? MB)
05:02:52.373 [docker-java-stream-676711754] INFO 🐳 [testcontainers/ryuk:0.3.4] -- Pulling image layers:  1 pending,  2 downloaded,  0 extracted, (2 MB/? MB)
05:02:52.378 [docker-java-stream-676711754] INFO 🐳 [testcontainers/ryuk:0.3.4] -- Pulling image layers:  0 pending,  3 downloaded,  0 extracted, (2 MB/5 MB)
05:02:52.486 [docker-java-stream-676711754] INFO 🐳 [testcontainers/ryuk:0.3.4] -- Pulling image layers:  0 pending,  3 downloaded,  1 extracted, (5 MB/5 MB)
05:02:53.438 [docker-java-stream-676711754] INFO 🐳 [testcontainers/ryuk:0.3.4] -- Pulling image layers:  0 pending,  3 downloaded,  2 extracted, (5 MB/5 MB)
05:02:53.511 [docker-java-stream-676711754] INFO 🐳 [testcontainers/ryuk:0.3.4] -- Pulling image layers:  0 pending,  3 downloaded,  3 extracted, (5 MB/5 MB)
05:02:53.519 [docker-java-stream-676711754] INFO 🐳 [testcontainers/ryuk:0.3.4] -- Pull complete. 3 layers, pulled in 1s (downloaded 5 MB at 5 MB/s)
05:02:53.545 [main] INFO 🐳 [testcontainers/ryuk:0.3.4] -- Creating container for image: testcontainers/ryuk:0.3.4
05:02:53.648 [main] INFO 🐳 [testcontainers/ryuk:0.3.4] -- Container testcontainers/ryuk:0.3.4 is starting: 1df3e035e3d150bffc754e7092ca74d1dec2cef6798b6bde7a2411408fc4a623
05:02:54.014 [main] INFO 🐳 [testcontainers/ryuk:0.3.4] -- Container testcontainers/ryuk:0.3.4 started in PT3.295491458S
05:02:54.022 [main] INFO org.testcontainers.utility.RyukResourceReaper -- Ryuk started - will monitor and terminate Testcontainers containers on JVM exit
05:02:54.022 [main] INFO org.testcontainers.DockerClientFactory -- Checking the system...
05:02:54.022 [main] INFO org.testcontainers.DockerClientFactory -- ✔︎ Docker server version should be at least 1.6.0
05:02:54.025 [main] INFO 🐳 [postgres:latest] -- Pulling docker image: postgres:latest. Please be patient; this may take some time but only needs to be done once.
05:02:55.041 [docker-java-stream-1871777725] INFO 🐳 [postgres:latest] -- Starting to pull image
05:02:55.042 [docker-java-stream-1871777725] INFO 🐳 [postgres:latest] -- Pulling image layers:  0 pending,  0 downloaded,  0 extracted, (0 bytes/0 bytes)
05:02:55.545 [docker-java-stream-1871777725] INFO 🐳 [postgres:latest] -- Pulling image layers: 12 pending,  1 downloaded,  0 extracted, (1 KB/? MB)
05:02:55.577 [docker-java-stream-1871777725] INFO 🐳 [postgres:latest] -- Pulling image layers: 11 pending,  2 downloaded,  0 extracted, (336 KB/? MB)
05:02:55.732 [docker-java-stream-1871777725] INFO 🐳 [postgres:latest] -- Pulling image layers: 10 pending,  3 downloaded,  0 extracted, (15 MB/? MB)
05:02:55.809 [docker-java-stream-1871777725] INFO 🐳 [postgres:latest] -- Pulling image layers:  9 pending,  4 downloaded,  0 extracted, (17 MB/? MB)
05:02:56.005 [docker-java-stream-1871777725] INFO 🐳 [postgres:latest] -- Pulling image layers:  8 pending,  5 downloaded,  0 extracted, (18 MB/? MB)
05:02:56.057 [docker-java-stream-1871777725] INFO 🐳 [postgres:latest] -- Pulling image layers:  7 pending,  6 downloaded,  0 extracted, (18 MB/? MB)
05:02:56.199 [docker-java-stream-1871777725] INFO 🐳 [postgres:latest] -- Pulling image layers:  6 pending,  7 downloaded,  0 extracted, (18 MB/? MB)
05:02:56.277 [docker-java-stream-1871777725] INFO 🐳 [postgres:latest] -- Pulling image layers:  5 pending,  8 downloaded,  0 extracted, (18 MB/? MB)
05:02:56.467 [docker-java-stream-1871777725] INFO 🐳 [postgres:latest] -- Pulling image layers:  4 pending,  9 downloaded,  0 extracted, (34 MB/? MB)
05:02:56.544 [docker-java-stream-1871777725] INFO 🐳 [postgres:latest] -- Pulling image layers:  3 pending, 10 downloaded,  0 extracted, (46 MB/? MB)
05:02:56.762 [docker-java-stream-1871777725] INFO 🐳 [postgres:latest] -- Pulling image layers:  2 pending, 11 downloaded,  0 extracted, (70 MB/? MB)
05:02:56.854 [docker-java-stream-1871777725] INFO 🐳 [postgres:latest] -- Pulling image layers:  1 pending, 12 downloaded,  0 extracted, (83 MB/? MB)
05:02:57.149 [docker-java-stream-1871777725] INFO 🐳 [postgres:latest] -- Pulling image layers:  0 pending, 13 downloaded,  0 extracted, (128 MB/143 MB)
05:02:57.271 [docker-java-stream-1871777725] INFO 🐳 [postgres:latest] -- Pulling image layers:  0 pending, 13 downloaded,  1 extracted, (129 MB/143 MB)
05:02:57.327 [docker-java-stream-1871777725] INFO 🐳 [postgres:latest] -- Pulling image layers:  0 pending, 13 downloaded,  2 extracted, (129 MB/143 MB)
05:02:58.096 [docker-java-stream-1871777725] INFO 🐳 [postgres:latest] -- Pulling image layers:  0 pending, 13 downloaded,  3 extracted, (133 MB/143 MB)
05:02:58.155 [docker-java-stream-1871777725] INFO 🐳 [postgres:latest] -- Pulling image layers:  0 pending, 13 downloaded,  4 extracted, (133 MB/143 MB)
05:02:58.557 [docker-java-stream-1871777725] INFO 🐳 [postgres:latest] -- Pulling image layers:  0 pending, 13 downloaded,  5 extracted, (141 MB/143 MB)
05:02:58.637 [docker-java-stream-1871777725] INFO 🐳 [postgres:latest] -- Pulling image layers:  0 pending, 13 downloaded,  6 extracted, (141 MB/143 MB)
05:02:58.665 [docker-java-stream-1871777725] INFO 🐳 [postgres:latest] -- Pulling image layers:  0 pending, 13 downloaded,  7 extracted, (141 MB/143 MB)
05:02:58.689 [docker-java-stream-1871777725] INFO 🐳 [postgres:latest] -- Pulling image layers:  0 pending, 13 downloaded,  8 extracted, (141 MB/143 MB)
05:03:03.482 [docker-java-stream-1871777725] INFO 🐳 [postgres:latest] -- Pulling image layers:  0 pending, 13 downloaded,  9 extracted, (143 MB/143 MB)
05:03:03.506 [docker-java-stream-1871777725] INFO 🐳 [postgres:latest] -- Pulling image layers:  0 pending, 13 downloaded, 10 extracted, (143 MB/143 MB)
05:03:03.524 [docker-java-stream-1871777725] INFO 🐳 [postgres:latest] -- Pulling image layers:  0 pending, 13 downloaded, 11 extracted, (143 MB/143 MB)
05:03:03.538 [docker-java-stream-1871777725] INFO 🐳 [postgres:latest] -- Pulling image layers:  0 pending, 13 downloaded, 12 extracted, (143 MB/143 MB)
05:03:03.549 [docker-java-stream-1871777725] INFO 🐳 [postgres:latest] -- Pulling image layers:  0 pending, 13 downloaded, 13 extracted, (143 MB/143 MB)
05:03:03.562 [docker-java-stream-1871777725] INFO 🐳 [postgres:latest] -- Pull complete. 13 layers, pulled in 8s (downloaded 143 MB at 17 MB/s)
05:03:03.564 [main] INFO 🐳 [postgres:latest] -- Creating container for image: postgres:latest
05:03:03.580 [main] INFO 🐳 [postgres:latest] -- Container postgres:latest is starting: 64b80c0f33ae7278f7abf40c79dadefcaae26f1500a6a3949ac9fb6d6d60fb1a
05:03:05.099 [main] INFO 🐳 [postgres:latest] -- Container postgres:latest started in PT11.076721001S
05:03:05.100 [main] INFO 🐳 [postgres:latest] -- Container is started (JDBC URL: jdbc:postgresql://localhost:32769/fullstack-dao-unit-test?loggerLevel=OFF)
05:03:05.232 [main] INFO org.flywaydb.core.internal.license.VersionPrinter -- Flyway Community Edition 9.16.3 by Redgate
05:03:05.232 [main] INFO org.flywaydb.core.internal.license.VersionPrinter -- See release notes here: https://rd.gt/416ObMi
05:03:05.232 [main] INFO org.flywaydb.core.internal.license.VersionPrinter -- 
05:03:05.483 [main] INFO org.flywaydb.core.internal.database.base.BaseDatabaseType -- Database: jdbc:postgresql://localhost:32769/fullstack-dao-unit-test (PostgreSQL 16.0)
05:03:05.491 [main] WARN org.flywaydb.core.internal.database.base.Database -- Flyway upgrade recommended: PostgreSQL 16.0 is newer than this version of Flyway and support has not been tested. The latest supported version of PostgreSQL is 15.
05:03:05.516 [main] INFO org.flywaydb.core.internal.schemahistory.JdbcTableSchemaHistory -- Schema history table "public"."flyway_schema_history" does not exist yet
05:03:05.519 [main] INFO org.flywaydb.core.internal.command.DbValidate -- Successfully validated 3 migrations (execution time 00:00.017s)
05:03:05.532 [main] INFO org.flywaydb.core.internal.schemahistory.JdbcTableSchemaHistory -- Creating Schema History table "public"."flyway_schema_history" ...
05:03:05.612 [main] INFO org.flywaydb.core.internal.command.DbMigrate -- Current version of schema "public": << Empty Schema >>
05:03:05.625 [main] INFO org.flywaydb.core.internal.command.DbMigrate -- Migrating schema "public" to version "1 - Initial Setup"
05:03:05.649 [main] INFO org.flywaydb.core.internal.command.DbMigrate -- Migrating schema "public" to version "2 - Adding Constraints  To Email"
05:03:05.662 [main] INFO org.flywaydb.core.internal.command.DbMigrate -- Migrating schema "public" to version "3 - Add Gender Column Customer Table"
05:03:05.669 [main] INFO org.flywaydb.core.internal.command.DbMigrate -- Successfully applied 3 migrations to schema "public", now at version v3 (execution time 00:00.063s)
]]></system-out>
  </testcase>
</testsuite>